2024/05/19 09:29:19 [notice] 1#1: using the "epoll" event method
2024/05/19 09:29:19 [notice] 1#1: nginx/1.25.5
2024/05/19 09:29:19 [notice] 1#1: built by gcc 13.2.1 20231014 (Alpine 13.2.1_git20231014) 
2024/05/19 09:29:19 [notice] 1#1: OS: Linux 5.15.146.1-microsoft-standard-WSL2
2024/05/19 09:29:19 [notice] 1#1: getrlimit(RLIMIT_NOFILE): 1048576:1048576
2024/05/19 09:29:19 [notice] 1#1: start worker processes
2024/05/19 09:29:19 [notice] 1#1: start worker process 29
2024/05/19 09:29:19 [notice] 1#1: start worker process 30
2024/05/19 09:29:19 [notice] 1#1: start worker process 31
2024/05/19 09:29:19 [notice] 1#1: start worker process 32
2024/05/19 09:29:19 [notice] 1#1: start worker process 33
2024/05/19 09:29:19 [notice] 1#1: start worker process 34
2024/05/19 09:29:19 [notice] 1#1: start worker process 35
2024/05/19 09:29:19 [notice] 1#1: start worker process 36
2024/05/19 09:29:19 [notice] 1#1: start worker process 37
2024/05/19 09:29:19 [notice] 1#1: start worker process 38
2024/05/19 09:29:19 [notice] 1#1: start worker process 39
2024/05/19 09:29:19 [notice] 1#1: start worker process 40
2024/05/19 09:29:42 [notice] 1#1: signal 3 (SIGQUIT) received, shutting down
2024/05/19 09:29:42 [notice] 29#29: gracefully shutting down
2024/05/19 09:29:42 [notice] 29#29: exiting
2024/05/19 09:29:42 [notice] 30#30: gracefully shutting down
2024/05/19 09:29:42 [notice] 31#31: gracefully shutting down
2024/05/19 09:29:42 [notice] 32#32: gracefully shutting down
2024/05/19 09:29:42 [notice] 33#33: gracefully shutting down
2024/05/19 09:29:42 [notice] 34#34: gracefully shutting down
2024/05/19 09:29:42 [notice] 35#35: gracefully shutting down
2024/05/19 09:29:42 [notice] 36#36: gracefully shutting down
2024/05/19 09:29:42 [notice] 38#38: gracefully shutting down
2024/05/19 09:29:42 [notice] 39#39: gracefully shutting down
2024/05/19 09:29:42 [notice] 40#40: gracefully shutting down
2024/05/19 09:29:42 [notice] 37#37: gracefully shutting down
2024/05/19 09:29:42 [notice] 29#29: exit
2024/05/19 09:29:42 [notice] 30#30: exiting
2024/05/19 09:29:42 [notice] 31#31: exiting
2024/05/19 09:29:42 [notice] 32#32: exiting
2024/05/19 09:29:42 [notice] 33#33: exiting
2024/05/19 09:29:42 [notice] 34#34: exiting
2024/05/19 09:29:42 [notice] 35#35: exiting
2024/05/19 09:29:42 [notice] 36#36: exiting
2024/05/19 09:29:42 [notice] 38#38: exiting
2024/05/19 09:29:42 [notice] 39#39: exiting
2024/05/19 09:29:42 [notice] 40#40: exiting
2024/05/19 09:29:42 [notice] 37#37: exiting
2024/05/19 09:29:42 [notice] 30#30: exit
2024/05/19 09:29:42 [notice] 31#31: exit
2024/05/19 09:29:42 [notice] 32#32: exit
2024/05/19 09:29:42 [notice] 33#33: exit
2024/05/19 09:29:42 [notice] 34#34: exit
2024/05/19 09:29:42 [notice] 35#35: exit
2024/05/19 09:29:42 [notice] 36#36: exit
2024/05/19 09:29:42 [notice] 38#38: exit
2024/05/19 09:29:42 [notice] 39#39: exit
2024/05/19 09:29:42 [notice] 40#40: exit
2024/05/19 09:29:42 [notice] 37#37: exit
2024/05/19 09:29:42 [notice] 1#1: signal 17 (SIGCHLD) received from 30
2024/05/19 09:29:42 [notice] 1#1: worker process 30 exited with code 0
2024/05/19 09:29:42 [notice] 1#1: signal 29 (SIGIO) received
2024/05/19 09:29:42 [notice] 1#1: signal 17 (SIGCHLD) received from 37
2024/05/19 09:29:42 [notice] 1#1: worker process 31 exited with code 0
2024/05/19 09:29:42 [notice] 1#1: worker process 32 exited with code 0
2024/05/19 09:29:42 [notice] 1#1: worker process 35 exited with code 0
2024/05/19 09:29:42 [notice] 1#1: worker process 36 exited with code 0
2024/05/19 09:29:42 [notice] 1#1: worker process 37 exited with code 0
2024/05/19 09:29:42 [notice] 1#1: worker process 39 exited with code 0
2024/05/19 09:29:42 [notice] 1#1: worker process 40 exited with code 0
2024/05/19 09:29:42 [notice] 1#1: signal 29 (SIGIO) received
2024/05/19 09:29:42 [notice] 1#1: signal 17 (SIGCHLD) received from 32
2024/05/19 09:29:42 [notice] 1#1: signal 17 (SIGCHLD) received from 38
2024/05/19 09:29:42 [notice] 1#1: worker process 38 exited with code 0
2024/05/19 09:29:42 [notice] 1#1: signal 29 (SIGIO) received
2024/05/19 09:29:42 [notice] 1#1: signal 17 (SIGCHLD) received from 33
2024/05/19 09:29:42 [notice] 1#1: worker process 29 exited with code 0
2024/05/19 09:29:42 [notice] 1#1: worker process 33 exited with code 0
2024/05/19 09:29:42 [notice] 1#1: worker process 34 exited with code 0
2024/05/19 09:29:42 [notice] 1#1: exit
2024/05/19 09:29:43 [notice] 1#1: using the "epoll" event method
2024/05/19 09:29:43 [notice] 1#1: nginx/1.25.5
2024/05/19 09:29:43 [notice] 1#1: built by gcc 13.2.1 20231014 (Alpine 13.2.1_git20231014) 
2024/05/19 09:29:43 [notice] 1#1: OS: Linux 5.15.146.1-microsoft-standard-WSL2
2024/05/19 09:29:43 [notice] 1#1: getrlimit(RLIMIT_NOFILE): 1048576:1048576
2024/05/19 09:29:43 [notice] 1#1: start worker processes
2024/05/19 09:29:43 [notice] 1#1: start worker process 29
2024/05/19 09:29:43 [notice] 1#1: start worker process 30
2024/05/19 09:29:43 [notice] 1#1: start worker process 31
2024/05/19 09:29:43 [notice] 1#1: start worker process 32
2024/05/19 09:29:43 [notice] 1#1: start worker process 33
2024/05/19 09:29:43 [notice] 1#1: start worker process 34
2024/05/19 09:29:43 [notice] 1#1: start worker process 35
2024/05/19 09:29:43 [notice] 1#1: start worker process 36
2024/05/19 09:29:43 [notice] 1#1: start worker process 37
2024/05/19 09:29:43 [notice] 1#1: start worker process 38
2024/05/19 09:29:43 [notice] 1#1: start worker process 39
2024/05/19 09:29:43 [notice] 1#1: start worker process 40
2024/05/19 09:31:19 [notice] 1#1: signal 3 (SIGQUIT) received, shutting down
2024/05/19 09:31:19 [notice] 29#29: gracefully shutting down
2024/05/19 09:31:19 [notice] 29#29: exiting
2024/05/19 09:31:19 [notice] 32#32: gracefully shutting down
2024/05/19 09:31:19 [notice] 33#33: gracefully shutting down
2024/05/19 09:31:19 [notice] 31#31: gracefully shutting down
2024/05/19 09:31:19 [notice] 30#30: gracefully shutting down
2024/05/19 09:31:19 [notice] 34#34: gracefully shutting down
2024/05/19 09:31:19 [notice] 35#35: gracefully shutting down
2024/05/19 09:31:19 [notice] 35#35: exiting
2024/05/19 09:31:19 [notice] 36#36: gracefully shutting down
2024/05/19 09:31:19 [notice] 37#37: gracefully shutting down
2024/05/19 09:31:19 [notice] 37#37: exiting
2024/05/19 09:31:19 [notice] 38#38: gracefully shutting down
2024/05/19 09:31:19 [notice] 39#39: gracefully shutting down
2024/05/19 09:31:19 [notice] 40#40: gracefully shutting down
2024/05/19 09:31:19 [notice] 29#29: exit
2024/05/19 09:31:19 [notice] 32#32: exiting
2024/05/19 09:31:19 [notice] 33#33: exiting
2024/05/19 09:31:19 [notice] 31#31: exiting
2024/05/19 09:31:19 [notice] 30#30: exiting
2024/05/19 09:31:19 [notice] 34#34: exiting
2024/05/19 09:31:19 [notice] 35#35: exit
2024/05/19 09:31:19 [notice] 36#36: exiting
2024/05/19 09:31:19 [notice] 37#37: exit
2024/05/19 09:31:19 [notice] 38#38: exiting
2024/05/19 09:31:19 [notice] 39#39: exiting
2024/05/19 09:31:19 [notice] 39#39: exit
2024/05/19 09:31:19 [notice] 40#40: exiting
2024/05/19 09:31:19 [notice] 32#32: exit
2024/05/19 09:31:19 [notice] 33#33: exit
2024/05/19 09:31:19 [notice] 31#31: exit
2024/05/19 09:31:19 [notice] 30#30: exit
2024/05/19 09:31:19 [notice] 34#34: exit
2024/05/19 09:31:19 [notice] 36#36: exit
2024/05/19 09:31:19 [notice] 38#38: exit
2024/05/19 09:31:19 [notice] 40#40: exit
2024/05/19 09:31:19 [notice] 1#1: signal 17 (SIGCHLD) received from 29
2024/05/19 09:31:19 [notice] 1#1: worker process 29 exited with code 0
2024/05/19 09:31:19 [notice] 1#1: worker process 30 exited with code 0
2024/05/19 09:31:19 [notice] 1#1: worker process 31 exited with code 0
2024/05/19 09:31:19 [notice] 1#1: worker process 32 exited with code 0
2024/05/19 09:31:19 [notice] 1#1: worker process 35 exited with code 0
2024/05/19 09:31:19 [notice] 1#1: worker process 36 exited with code 0
2024/05/19 09:31:19 [notice] 1#1: signal 29 (SIGIO) received
2024/05/19 09:31:19 [notice] 1#1: signal 17 (SIGCHLD) received from 36
2024/05/19 09:31:19 [notice] 1#1: signal 17 (SIGCHLD) received from 33
2024/05/19 09:31:19 [notice] 1#1: worker process 33 exited with code 0
2024/05/19 09:31:19 [notice] 1#1: worker process 34 exited with code 0
2024/05/19 09:31:19 [notice] 1#1: signal 29 (SIGIO) received
2024/05/19 09:31:19 [notice] 1#1: signal 17 (SIGCHLD) received from 40
2024/05/19 09:31:19 [notice] 1#1: worker process 37 exited with code 0
2024/05/19 09:31:19 [notice] 1#1: worker process 38 exited with code 0
2024/05/19 09:31:19 [notice] 1#1: worker process 39 exited with code 0
2024/05/19 09:31:19 [notice] 1#1: worker process 40 exited with code 0
2024/05/19 09:31:19 [notice] 1#1: exit
2024/05/19 09:31:20 [notice] 1#1: using the "epoll" event method
2024/05/19 09:31:20 [notice] 1#1: nginx/1.25.5
2024/05/19 09:31:20 [notice] 1#1: built by gcc 13.2.1 20231014 (Alpine 13.2.1_git20231014) 
2024/05/19 09:31:20 [notice] 1#1: OS: Linux 5.15.146.1-microsoft-standard-WSL2
2024/05/19 09:31:20 [notice] 1#1: getrlimit(RLIMIT_NOFILE): 1048576:1048576
2024/05/19 09:31:20 [notice] 1#1: start worker processes
2024/05/19 09:31:20 [notice] 1#1: start worker process 29
2024/05/19 09:31:20 [notice] 1#1: start worker process 30
2024/05/19 09:31:20 [notice] 1#1: start worker process 31
2024/05/19 09:31:20 [notice] 1#1: start worker process 32
2024/05/19 09:31:20 [notice] 1#1: start worker process 33
2024/05/19 09:31:20 [notice] 1#1: start worker process 34
2024/05/19 09:31:20 [notice] 1#1: start worker process 35
2024/05/19 09:31:20 [notice] 1#1: start worker process 36
2024/05/19 09:31:20 [notice] 1#1: start worker process 37
2024/05/19 09:31:20 [notice] 1#1: start worker process 38
2024/05/19 09:31:20 [notice] 1#1: start worker process 39
2024/05/19 09:31:20 [notice] 1#1: start worker process 40
2024/05/19 09:31:24 [notice] 1#1: signal 3 (SIGQUIT) received, shutting down
2024/05/19 09:31:24 [notice] 29#29: gracefully shutting down
2024/05/19 09:31:24 [notice] 31#31: gracefully shutting down
2024/05/19 09:31:24 [notice] 30#30: gracefully shutting down
2024/05/19 09:31:24 [notice] 30#30: exiting
2024/05/19 09:31:24 [notice] 32#32: gracefully shutting down
2024/05/19 09:31:24 [notice] 34#34: gracefully shutting down
2024/05/19 09:31:24 [notice] 35#35: gracefully shutting down
2024/05/19 09:31:24 [notice] 33#33: gracefully shutting down
2024/05/19 09:31:24 [notice] 33#33: exiting
2024/05/19 09:31:24 [notice] 36#36: gracefully shutting down
2024/05/19 09:31:24 [notice] 36#36: exiting
2024/05/19 09:31:24 [notice] 37#37: gracefully shutting down
2024/05/19 09:31:24 [notice] 38#38: gracefully shutting down
2024/05/19 09:31:24 [notice] 38#38: exiting
2024/05/19 09:31:24 [notice] 39#39: gracefully shutting down
2024/05/19 09:31:24 [notice] 40#40: gracefully shutting down
2024/05/19 09:31:24 [notice] 40#40: exiting
2024/05/19 09:31:24 [notice] 29#29: exiting
2024/05/19 09:31:24 [notice] 31#31: exiting
2024/05/19 09:31:24 [notice] 30#30: exit
2024/05/19 09:31:24 [notice] 32#32: exiting
2024/05/19 09:31:24 [notice] 34#34: exiting
2024/05/19 09:31:24 [notice] 35#35: exiting
2024/05/19 09:31:24 [notice] 33#33: exit
2024/05/19 09:31:24 [notice] 36#36: exit
2024/05/19 09:31:24 [notice] 37#37: exiting
2024/05/19 09:31:24 [notice] 38#38: exit
2024/05/19 09:31:24 [notice] 39#39: exiting
2024/05/19 09:31:24 [notice] 40#40: exit
2024/05/19 09:31:24 [notice] 29#29: exit
2024/05/19 09:31:24 [notice] 31#31: exit
2024/05/19 09:31:24 [notice] 32#32: exit
2024/05/19 09:31:24 [notice] 34#34: exit
2024/05/19 09:31:24 [notice] 35#35: exit
2024/05/19 09:31:24 [notice] 37#37: exit
2024/05/19 09:31:24 [notice] 39#39: exit
2024/05/19 09:31:24 [notice] 1#1: signal 17 (SIGCHLD) received from 33
2024/05/19 09:31:24 [notice] 1#1: worker process 30 exited with code 0
2024/05/19 09:31:24 [notice] 1#1: worker process 33 exited with code 0
2024/05/19 09:31:24 [notice] 1#1: worker process 34 exited with code 0
2024/05/19 09:31:24 [notice] 1#1: worker process 36 exited with code 0
2024/05/19 09:31:24 [notice] 1#1: worker process 37 exited with code 0
2024/05/19 09:31:24 [notice] 1#1: signal 29 (SIGIO) received
2024/05/19 09:31:24 [notice] 1#1: signal 17 (SIGCHLD) received from 37
2024/05/19 09:31:24 [notice] 1#1: signal 17 (SIGCHLD) received from 35
2024/05/19 09:31:24 [notice] 1#1: worker process 31 exited with code 0
2024/05/19 09:31:24 [notice] 1#1: worker process 35 exited with code 0
2024/05/19 09:31:24 [notice] 1#1: worker process 40 exited with code 0
2024/05/19 09:31:24 [notice] 1#1: signal 29 (SIGIO) received
2024/05/19 09:31:24 [notice] 1#1: signal 17 (SIGCHLD) received from 40
2024/05/19 09:31:24 [notice] 1#1: signal 17 (SIGCHLD) received from 38
2024/05/19 09:31:24 [notice] 1#1: worker process 29 exited with code 0
2024/05/19 09:31:24 [notice] 1#1: worker process 32 exited with code 0
2024/05/19 09:31:24 [notice] 1#1: worker process 38 exited with code 0
2024/05/19 09:31:24 [notice] 1#1: signal 29 (SIGIO) received
2024/05/19 09:31:24 [notice] 1#1: signal 17 (SIGCHLD) received from 32
2024/05/19 09:31:24 [notice] 1#1: signal 17 (SIGCHLD) received from 39
2024/05/19 09:31:24 [notice] 1#1: worker process 39 exited with code 0
2024/05/19 09:31:24 [notice] 1#1: exit
2024/05/19 09:31:25 [notice] 1#1: using the "epoll" event method
2024/05/19 09:31:25 [notice] 1#1: nginx/1.25.5
2024/05/19 09:31:25 [notice] 1#1: built by gcc 13.2.1 20231014 (Alpine 13.2.1_git20231014) 
2024/05/19 09:31:25 [notice] 1#1: OS: Linux 5.15.146.1-microsoft-standard-WSL2
2024/05/19 09:31:25 [notice] 1#1: getrlimit(RLIMIT_NOFILE): 1048576:1048576
2024/05/19 09:31:25 [notice] 1#1: start worker processes
2024/05/19 09:31:25 [notice] 1#1: start worker process 29
2024/05/19 09:31:25 [notice] 1#1: start worker process 30
2024/05/19 09:31:25 [notice] 1#1: start worker process 31
2024/05/19 09:31:25 [notice] 1#1: start worker process 32
2024/05/19 09:31:25 [notice] 1#1: start worker process 33
2024/05/19 09:31:25 [notice] 1#1: start worker process 34
2024/05/19 09:31:25 [notice] 1#1: start worker process 35
2024/05/19 09:31:25 [notice] 1#1: start worker process 36
2024/05/19 09:31:25 [notice] 1#1: start worker process 37
2024/05/19 09:31:25 [notice] 1#1: start worker process 38
2024/05/19 09:31:25 [notice] 1#1: start worker process 39
2024/05/19 09:31:25 [notice] 1#1: start worker process 40
2024/05/19 09:31:26 [notice] 1#1: signal 3 (SIGQUIT) received, shutting down
2024/05/19 09:31:26 [notice] 31#31: gracefully shutting down
2024/05/19 09:31:26 [notice] 32#32: gracefully shutting down
2024/05/19 09:31:26 [notice] 29#29: gracefully shutting down
2024/05/19 09:31:26 [notice] 30#30: gracefully shutting down
2024/05/19 09:31:26 [notice] 33#33: gracefully shutting down
2024/05/19 09:31:26 [notice] 33#33: exiting
2024/05/19 09:31:26 [notice] 34#34: gracefully shutting down
2024/05/19 09:31:26 [notice] 36#36: gracefully shutting down
2024/05/19 09:31:26 [notice] 37#37: gracefully shutting down
2024/05/19 09:31:26 [notice] 37#37: exiting
2024/05/19 09:31:26 [notice] 38#38: gracefully shutting down
2024/05/19 09:31:26 [notice] 40#40: gracefully shutting down
2024/05/19 09:31:26 [notice] 39#39: gracefully shutting down
2024/05/19 09:31:26 [notice] 35#35: gracefully shutting down
2024/05/19 09:31:26 [notice] 31#31: exiting
2024/05/19 09:31:26 [notice] 32#32: exiting
2024/05/19 09:31:26 [notice] 29#29: exiting
2024/05/19 09:31:26 [notice] 30#30: exiting
2024/05/19 09:31:26 [notice] 33#33: exit
2024/05/19 09:31:26 [notice] 34#34: exiting
2024/05/19 09:31:26 [notice] 36#36: exiting
2024/05/19 09:31:26 [notice] 37#37: exit
2024/05/19 09:31:26 [notice] 38#38: exiting
2024/05/19 09:31:26 [notice] 40#40: exiting
2024/05/19 09:31:26 [notice] 39#39: exiting
2024/05/19 09:31:26 [notice] 39#39: exit
2024/05/19 09:31:26 [notice] 35#35: exiting
2024/05/19 09:31:26 [notice] 31#31: exit
2024/05/19 09:31:26 [notice] 32#32: exit
2024/05/19 09:31:26 [notice] 29#29: exit
2024/05/19 09:31:26 [notice] 30#30: exit
2024/05/19 09:31:26 [notice] 34#34: exit
2024/05/19 09:31:26 [notice] 36#36: exit
2024/05/19 09:31:26 [notice] 38#38: exit
2024/05/19 09:31:26 [notice] 40#40: exit
2024/05/19 09:31:26 [notice] 35#35: exit
2024/05/19 09:31:26 [notice] 1#1: signal 17 (SIGCHLD) received from 33
2024/05/19 09:31:26 [notice] 1#1: worker process 31 exited with code 0
2024/05/19 09:31:26 [notice] 1#1: worker process 33 exited with code 0
2024/05/19 09:31:26 [notice] 1#1: worker process 37 exited with code 0
2024/05/19 09:31:26 [notice] 1#1: worker process 39 exited with code 0
2024/05/19 09:31:26 [notice] 1#1: signal 29 (SIGIO) received
2024/05/19 09:31:26 [notice] 1#1: signal 17 (SIGCHLD) received from 32
2024/05/19 09:31:26 [notice] 1#1: worker process 29 exited with code 0
2024/05/19 09:31:26 [notice] 1#1: worker process 32 exited with code 0
2024/05/19 09:31:26 [notice] 1#1: worker process 36 exited with code 0
2024/05/19 09:31:26 [notice] 1#1: worker process 38 exited with code 0
2024/05/19 09:31:26 [notice] 1#1: signal 29 (SIGIO) received
2024/05/19 09:31:26 [notice] 1#1: signal 17 (SIGCHLD) received from 38
2024/05/19 09:31:26 [notice] 1#1: signal 17 (SIGCHLD) received from 34
2024/05/19 09:31:26 [notice] 1#1: worker process 34 exited with code 0
2024/05/19 09:31:26 [notice] 1#1: signal 29 (SIGIO) received
2024/05/19 09:31:26 [notice] 1#1: signal 17 (SIGCHLD) received from 30
2024/05/19 09:31:26 [notice] 1#1: worker process 30 exited with code 0
2024/05/19 09:31:26 [notice] 1#1: worker process 40 exited with code 0
2024/05/19 09:31:26 [notice] 1#1: signal 29 (SIGIO) received
2024/05/19 09:31:26 [notice] 1#1: signal 17 (SIGCHLD) received from 35
2024/05/19 09:31:26 [notice] 1#1: worker process 35 exited with code 0
2024/05/19 09:31:26 [notice] 1#1: exit
2024/05/19 09:31:27 [notice] 1#1: using the "epoll" event method
2024/05/19 09:31:27 [notice] 1#1: nginx/1.25.5
2024/05/19 09:31:27 [notice] 1#1: built by gcc 13.2.1 20231014 (Alpine 13.2.1_git20231014) 
2024/05/19 09:31:27 [notice] 1#1: OS: Linux 5.15.146.1-microsoft-standard-WSL2
2024/05/19 09:31:27 [notice] 1#1: getrlimit(RLIMIT_NOFILE): 1048576:1048576
2024/05/19 09:31:27 [notice] 1#1: start worker processes
2024/05/19 09:31:27 [notice] 1#1: start worker process 29
2024/05/19 09:31:27 [notice] 1#1: start worker process 30
2024/05/19 09:31:27 [notice] 1#1: start worker process 31
2024/05/19 09:31:27 [notice] 1#1: start worker process 32
2024/05/19 09:31:27 [notice] 1#1: start worker process 33
2024/05/19 09:31:27 [notice] 1#1: start worker process 34
2024/05/19 09:31:27 [notice] 1#1: start worker process 35
2024/05/19 09:31:27 [notice] 1#1: start worker process 36
2024/05/19 09:31:27 [notice] 1#1: start worker process 37
2024/05/19 09:31:27 [notice] 1#1: start worker process 38
2024/05/19 09:31:27 [notice] 1#1: start worker process 39
2024/05/19 09:31:27 [notice] 1#1: start worker process 40
2024/05/19 09:32:18 [notice] 1#1: signal 3 (SIGQUIT) received, shutting down
2024/05/19 09:32:18 [notice] 29#29: gracefully shutting down
2024/05/19 09:32:18 [notice] 40#40: gracefully shutting down
2024/05/19 09:32:18 [notice] 30#30: gracefully shutting down
2024/05/19 09:32:18 [notice] 31#31: gracefully shutting down
2024/05/19 09:32:18 [notice] 32#32: gracefully shutting down
2024/05/19 09:32:18 [notice] 32#32: exiting
2024/05/19 09:32:18 [notice] 33#33: gracefully shutting down
2024/05/19 09:32:18 [notice] 34#34: gracefully shutting down
2024/05/19 09:32:18 [notice] 34#34: exiting
2024/05/19 09:32:18 [notice] 35#35: gracefully shutting down
2024/05/19 09:32:18 [notice] 35#35: exiting
2024/05/19 09:32:18 [notice] 36#36: gracefully shutting down
2024/05/19 09:32:18 [notice] 37#37: gracefully shutting down
2024/05/19 09:32:18 [notice] 38#38: gracefully shutting down
2024/05/19 09:32:18 [notice] 39#39: gracefully shutting down
2024/05/19 09:32:18 [notice] 29#29: exiting
2024/05/19 09:32:18 [notice] 40#40: exiting
2024/05/19 09:32:18 [notice] 30#30: exiting
2024/05/19 09:32:18 [notice] 31#31: exiting
2024/05/19 09:32:18 [notice] 32#32: exit
2024/05/19 09:32:18 [notice] 33#33: exiting
2024/05/19 09:32:18 [notice] 34#34: exit
2024/05/19 09:32:18 [notice] 35#35: exit
2024/05/19 09:32:18 [notice] 36#36: exiting
2024/05/19 09:32:18 [notice] 37#37: exiting
2024/05/19 09:32:18 [notice] 38#38: exiting
2024/05/19 09:32:18 [notice] 39#39: exiting
2024/05/19 09:32:18 [notice] 29#29: exit
2024/05/19 09:32:18 [notice] 40#40: exit
2024/05/19 09:32:18 [notice] 30#30: exit
2024/05/19 09:32:18 [notice] 31#31: exit
2024/05/19 09:32:18 [notice] 33#33: exit
2024/05/19 09:32:18 [notice] 36#36: exit
2024/05/19 09:32:18 [notice] 37#37: exit
2024/05/19 09:32:18 [notice] 38#38: exit
2024/05/19 09:32:18 [notice] 39#39: exit
2024/05/19 09:32:18 [notice] 1#1: signal 17 (SIGCHLD) received from 34
2024/05/19 09:32:18 [notice] 1#1: worker process 34 exited with code 0
2024/05/19 09:32:18 [notice] 1#1: signal 29 (SIGIO) received
2024/05/19 09:32:19 [notice] 1#1: signal 17 (SIGCHLD) received from 33
2024/05/19 09:32:19 [notice] 1#1: worker process 29 exited with code 0
2024/05/19 09:32:19 [notice] 1#1: worker process 33 exited with code 0
2024/05/19 09:32:19 [notice] 1#1: worker process 35 exited with code 0
2024/05/19 09:32:19 [notice] 1#1: worker process 36 exited with code 0
2024/05/19 09:32:19 [notice] 1#1: worker process 37 exited with code 0
2024/05/19 09:32:19 [notice] 1#1: signal 29 (SIGIO) received
2024/05/19 09:32:19 [notice] 1#1: signal 17 (SIGCHLD) received from 36
2024/05/19 09:32:19 [notice] 1#1: signal 17 (SIGCHLD) received from 31
2024/05/19 09:32:19 [notice] 1#1: worker process 30 exited with code 0
2024/05/19 09:32:19 [notice] 1#1: worker process 31 exited with code 0
2024/05/19 09:32:19 [notice] 1#1: worker process 32 exited with code 0
2024/05/19 09:32:19 [notice] 1#1: worker process 38 exited with code 0
2024/05/19 09:32:19 [notice] 1#1: worker process 39 exited with code 0
2024/05/19 09:32:19 [notice] 1#1: worker process 40 exited with code 0
2024/05/19 09:32:19 [notice] 1#1: exit
2024/05/19 09:32:19 [notice] 1#1: using the "epoll" event method
2024/05/19 09:32:19 [notice] 1#1: nginx/1.25.5
2024/05/19 09:32:19 [notice] 1#1: built by gcc 13.2.1 20231014 (Alpine 13.2.1_git20231014) 
2024/05/19 09:32:19 [notice] 1#1: OS: Linux 5.15.146.1-microsoft-standard-WSL2
2024/05/19 09:32:19 [notice] 1#1: getrlimit(RLIMIT_NOFILE): 1048576:1048576
2024/05/19 09:32:19 [notice] 1#1: start worker processes
2024/05/19 09:32:19 [notice] 1#1: start worker process 29
2024/05/19 09:32:19 [notice] 1#1: start worker process 30
2024/05/19 09:32:19 [notice] 1#1: start worker process 31
2024/05/19 09:32:19 [notice] 1#1: start worker process 32
2024/05/19 09:32:19 [notice] 1#1: start worker process 33
2024/05/19 09:32:19 [notice] 1#1: start worker process 34
2024/05/19 09:32:19 [notice] 1#1: start worker process 35
2024/05/19 09:32:19 [notice] 1#1: start worker process 36
2024/05/19 09:32:19 [notice] 1#1: start worker process 37
2024/05/19 09:32:19 [notice] 1#1: start worker process 38
2024/05/19 09:32:19 [notice] 1#1: start worker process 39
2024/05/19 09:32:19 [notice] 1#1: start worker process 40
2024/05/19 09:33:19 [notice] 1#1: signal 3 (SIGQUIT) received, shutting down
2024/05/19 09:33:19 [notice] 30#30: gracefully shutting down
2024/05/19 09:33:19 [notice] 30#30: exiting
2024/05/19 09:33:19 [notice] 34#34: gracefully shutting down
2024/05/19 09:33:19 [notice] 31#31: gracefully shutting down
2024/05/19 09:33:19 [notice] 32#32: gracefully shutting down
2024/05/19 09:33:19 [notice] 32#32: exiting
2024/05/19 09:33:19 [notice] 37#37: gracefully shutting down
2024/05/19 09:33:19 [notice] 29#29: gracefully shutting down
2024/05/19 09:33:19 [notice] 36#36: gracefully shutting down
2024/05/19 09:33:19 [notice] 33#33: gracefully shutting down
2024/05/19 09:33:19 [notice] 35#35: gracefully shutting down
2024/05/19 09:33:19 [notice] 39#39: gracefully shutting down
2024/05/19 09:33:19 [notice] 40#40: gracefully shutting down
2024/05/19 09:33:19 [notice] 38#38: gracefully shutting down
2024/05/19 09:33:19 [notice] 30#30: exit
2024/05/19 09:33:19 [notice] 34#34: exiting
2024/05/19 09:33:19 [notice] 31#31: exiting
2024/05/19 09:33:19 [notice] 32#32: exit
2024/05/19 09:33:19 [notice] 37#37: exiting
2024/05/19 09:33:19 [notice] 29#29: exiting
2024/05/19 09:33:19 [notice] 36#36: exiting
2024/05/19 09:33:19 [notice] 33#33: exiting
2024/05/19 09:33:19 [notice] 35#35: exiting
2024/05/19 09:33:19 [notice] 39#39: exiting
2024/05/19 09:33:19 [notice] 40#40: exiting
2024/05/19 09:33:19 [notice] 38#38: exiting
2024/05/19 09:33:19 [notice] 34#34: exit
2024/05/19 09:33:19 [notice] 31#31: exit
2024/05/19 09:33:19 [notice] 37#37: exit
2024/05/19 09:33:19 [notice] 29#29: exit
2024/05/19 09:33:19 [notice] 36#36: exit
2024/05/19 09:33:19 [notice] 33#33: exit
2024/05/19 09:33:19 [notice] 35#35: exit
2024/05/19 09:33:19 [notice] 39#39: exit
2024/05/19 09:33:19 [notice] 40#40: exit
2024/05/19 09:33:19 [notice] 38#38: exit
2024/05/19 09:33:19 [notice] 1#1: signal 17 (SIGCHLD) received from 30
2024/05/19 09:33:19 [notice] 1#1: worker process 30 exited with code 0
2024/05/19 09:33:19 [notice] 1#1: worker process 31 exited with code 0
2024/05/19 09:33:19 [notice] 1#1: worker process 32 exited with code 0
2024/05/19 09:33:19 [notice] 1#1: worker process 33 exited with code 0
2024/05/19 09:33:19 [notice] 1#1: worker process 34 exited with code 0
2024/05/19 09:33:19 [notice] 1#1: worker process 35 exited with code 0
2024/05/19 09:33:19 [notice] 1#1: worker process 37 exited with code 0
2024/05/19 09:33:19 [notice] 1#1: worker process 39 exited with code 0
2024/05/19 09:33:19 [notice] 1#1: worker process 40 exited with code 0
2024/05/19 09:33:19 [notice] 1#1: signal 29 (SIGIO) received
2024/05/19 09:33:19 [notice] 1#1: signal 17 (SIGCHLD) received from 39
2024/05/19 09:33:19 [notice] 1#1: signal 17 (SIGCHLD) received from 29
2024/05/19 09:33:19 [notice] 1#1: worker process 29 exited with code 0
2024/05/19 09:33:19 [notice] 1#1: worker process 36 exited with code 0
2024/05/19 09:33:19 [notice] 1#1: worker process 38 exited with code 0
2024/05/19 09:33:19 [notice] 1#1: exit
2024/05/19 09:33:20 [notice] 1#1: using the "epoll" event method
2024/05/19 09:33:20 [notice] 1#1: nginx/1.25.5
2024/05/19 09:33:20 [notice] 1#1: built by gcc 13.2.1 20231014 (Alpine 13.2.1_git20231014) 
2024/05/19 09:33:20 [notice] 1#1: OS: Linux 5.15.146.1-microsoft-standard-WSL2
2024/05/19 09:33:20 [notice] 1#1: getrlimit(RLIMIT_NOFILE): 1048576:1048576
2024/05/19 09:33:20 [notice] 1#1: start worker processes
2024/05/19 09:33:20 [notice] 1#1: start worker process 29
2024/05/19 09:33:20 [notice] 1#1: start worker process 30
2024/05/19 09:33:20 [notice] 1#1: start worker process 31
2024/05/19 09:33:20 [notice] 1#1: start worker process 32
2024/05/19 09:33:20 [notice] 1#1: start worker process 33
2024/05/19 09:33:20 [notice] 1#1: start worker process 34
2024/05/19 09:33:20 [notice] 1#1: start worker process 35
2024/05/19 09:33:20 [notice] 1#1: start worker process 36
2024/05/19 09:33:20 [notice] 1#1: start worker process 37
2024/05/19 09:33:20 [notice] 1#1: start worker process 38
2024/05/19 09:33:20 [notice] 1#1: start worker process 39
2024/05/19 09:33:20 [notice] 1#1: start worker process 40
2024/05/19 09:34:45 [notice] 1#1: signal 3 (SIGQUIT) received, shutting down
2024/05/19 09:34:45 [notice] 30#30: gracefully shutting down
2024/05/19 09:34:45 [notice] 29#29: gracefully shutting down
2024/05/19 09:34:45 [notice] 32#32: gracefully shutting down
2024/05/19 09:34:45 [notice] 33#33: gracefully shutting down
2024/05/19 09:34:45 [notice] 33#33: exiting
2024/05/19 09:34:45 [notice] 34#34: gracefully shutting down
2024/05/19 09:34:45 [notice] 31#31: gracefully shutting down
2024/05/19 09:34:45 [notice] 35#35: gracefully shutting down
2024/05/19 09:34:45 [notice] 36#36: gracefully shutting down
2024/05/19 09:34:45 [notice] 39#39: gracefully shutting down
2024/05/19 09:34:45 [notice] 39#39: exiting
2024/05/19 09:34:45 [notice] 38#38: gracefully shutting down
2024/05/19 09:34:45 [notice] 37#37: gracefully shutting down
2024/05/19 09:34:45 [notice] 40#40: gracefully shutting down
2024/05/19 09:34:45 [notice] 30#30: exiting
2024/05/19 09:34:45 [notice] 29#29: exiting
2024/05/19 09:34:45 [notice] 32#32: exiting
2024/05/19 09:34:45 [notice] 33#33: exit
2024/05/19 09:34:45 [notice] 34#34: exiting
2024/05/19 09:34:45 [notice] 31#31: exiting
2024/05/19 09:34:45 [notice] 31#31: exit
2024/05/19 09:34:45 [notice] 35#35: exiting
2024/05/19 09:34:45 [notice] 35#35: exit
2024/05/19 09:34:45 [notice] 36#36: exiting
2024/05/19 09:34:45 [notice] 39#39: exit
2024/05/19 09:34:45 [notice] 38#38: exiting
2024/05/19 09:34:45 [notice] 37#37: exiting
2024/05/19 09:34:45 [notice] 40#40: exiting
2024/05/19 09:34:45 [notice] 30#30: exit
2024/05/19 09:34:45 [notice] 29#29: exit
2024/05/19 09:34:45 [notice] 32#32: exit
2024/05/19 09:34:45 [notice] 34#34: exit
2024/05/19 09:34:45 [notice] 36#36: exit
2024/05/19 09:34:45 [notice] 38#38: exit
2024/05/19 09:34:45 [notice] 37#37: exit
2024/05/19 09:34:45 [notice] 40#40: exit
2024/05/19 09:34:45 [notice] 1#1: signal 17 (SIGCHLD) received from 39
2024/05/19 09:34:45 [notice] 1#1: worker process 29 exited with code 0
2024/05/19 09:34:45 [notice] 1#1: worker process 30 exited with code 0
2024/05/19 09:34:45 [notice] 1#1: worker process 31 exited with code 0
2024/05/19 09:34:45 [notice] 1#1: worker process 32 exited with code 0
2024/05/19 09:34:45 [notice] 1#1: worker process 34 exited with code 0
2024/05/19 09:34:45 [notice] 1#1: worker process 35 exited with code 0
2024/05/19 09:34:45 [notice] 1#1: worker process 38 exited with code 0
2024/05/19 09:34:45 [notice] 1#1: worker process 39 exited with code 0
2024/05/19 09:34:45 [notice] 1#1: signal 29 (SIGIO) received
2024/05/19 09:34:45 [notice] 1#1: signal 17 (SIGCHLD) received from 38
2024/05/19 09:34:45 [notice] 1#1: signal 17 (SIGCHLD) received from 37
2024/05/19 09:34:45 [notice] 1#1: worker process 37 exited with code 0
2024/05/19 09:34:45 [notice] 1#1: signal 29 (SIGIO) received
2024/05/19 09:34:45 [notice] 1#1: signal 17 (SIGCHLD) received from 36
2024/05/19 09:34:45 [notice] 1#1: worker process 36 exited with code 0
2024/05/19 09:34:45 [notice] 1#1: signal 29 (SIGIO) received
2024/05/19 09:34:45 [notice] 1#1: signal 17 (SIGCHLD) received from 33
2024/05/19 09:34:45 [notice] 1#1: worker process 33 exited with code 0
2024/05/19 09:34:45 [notice] 1#1: worker process 40 exited with code 0
2024/05/19 09:34:45 [notice] 1#1: exit
2024/05/19 09:34:45 [notice] 1#1: using the "epoll" event method
2024/05/19 09:34:45 [notice] 1#1: nginx/1.25.5
2024/05/19 09:34:45 [notice] 1#1: built by gcc 13.2.1 20231014 (Alpine 13.2.1_git20231014) 
2024/05/19 09:34:45 [notice] 1#1: OS: Linux 5.15.146.1-microsoft-standard-WSL2
2024/05/19 09:34:45 [notice] 1#1: getrlimit(RLIMIT_NOFILE): 1048576:1048576
2024/05/19 09:34:45 [notice] 1#1: start worker processes
2024/05/19 09:34:45 [notice] 1#1: start worker process 29
2024/05/19 09:34:45 [notice] 1#1: start worker process 30
2024/05/19 09:34:45 [notice] 1#1: start worker process 31
2024/05/19 09:34:45 [notice] 1#1: start worker process 32
2024/05/19 09:34:45 [notice] 1#1: start worker process 33
2024/05/19 09:34:45 [notice] 1#1: start worker process 34
2024/05/19 09:34:45 [notice] 1#1: start worker process 35
2024/05/19 09:34:45 [notice] 1#1: start worker process 36
2024/05/19 09:34:45 [notice] 1#1: start worker process 37
2024/05/19 09:34:45 [notice] 1#1: start worker process 38
2024/05/19 09:34:45 [notice] 1#1: start worker process 39
2024/05/19 09:34:45 [notice] 1#1: start worker process 40
2024/05/19 09:35:07 [notice] 1#1: signal 3 (SIGQUIT) received, shutting down
2024/05/19 09:35:07 [notice] 36#36: gracefully shutting down
2024/05/19 09:35:07 [notice] 29#29: gracefully shutting down
2024/05/19 09:35:07 [notice] 34#34: gracefully shutting down
2024/05/19 09:35:07 [notice] 35#35: gracefully shutting down
2024/05/19 09:35:07 [notice] 30#30: gracefully shutting down
2024/05/19 09:35:07 [notice] 31#31: gracefully shutting down
2024/05/19 09:35:07 [notice] 33#33: gracefully shutting down
2024/05/19 09:35:07 [notice] 37#37: gracefully shutting down
2024/05/19 09:35:07 [notice] 37#37: exiting
2024/05/19 09:35:07 [notice] 38#38: gracefully shutting down
2024/05/19 09:35:07 [notice] 38#38: exiting
2024/05/19 09:35:07 [notice] 39#39: gracefully shutting down
2024/05/19 09:35:07 [notice] 39#39: exiting
2024/05/19 09:35:07 [notice] 40#40: gracefully shutting down
2024/05/19 09:35:07 [notice] 40#40: exiting
2024/05/19 09:35:07 [notice] 32#32: gracefully shutting down
2024/05/19 09:35:07 [notice] 36#36: exiting
2024/05/19 09:35:07 [notice] 29#29: exiting
2024/05/19 09:35:07 [notice] 34#34: exiting
2024/05/19 09:35:07 [notice] 35#35: exiting
2024/05/19 09:35:07 [notice] 30#30: exiting
2024/05/19 09:35:07 [notice] 31#31: exiting
2024/05/19 09:35:07 [notice] 33#33: exiting
2024/05/19 09:35:07 [notice] 37#37: exit
2024/05/19 09:35:07 [notice] 38#38: exit
2024/05/19 09:35:07 [notice] 39#39: exit
2024/05/19 09:35:07 [notice] 40#40: exit
2024/05/19 09:35:07 [notice] 32#32: exiting
2024/05/19 09:35:07 [notice] 32#32: exit
2024/05/19 09:35:07 [notice] 36#36: exit
2024/05/19 09:35:07 [notice] 29#29: exit
2024/05/19 09:35:07 [notice] 34#34: exit
2024/05/19 09:35:07 [notice] 35#35: exit
2024/05/19 09:35:07 [notice] 30#30: exit
2024/05/19 09:35:07 [notice] 31#31: exit
2024/05/19 09:35:07 [notice] 33#33: exit
2024/05/19 09:35:07 [notice] 1#1: signal 17 (SIGCHLD) received from 39
2024/05/19 09:35:07 [notice] 1#1: worker process 29 exited with code 0
2024/05/19 09:35:07 [notice] 1#1: worker process 31 exited with code 0
2024/05/19 09:35:07 [notice] 1#1: worker process 34 exited with code 0
2024/05/19 09:35:07 [notice] 1#1: worker process 35 exited with code 0
2024/05/19 09:35:07 [notice] 1#1: worker process 38 exited with code 0
2024/05/19 09:35:07 [notice] 1#1: worker process 39 exited with code 0
2024/05/19 09:35:07 [notice] 1#1: worker process 40 exited with code 0
2024/05/19 09:35:08 [notice] 1#1: signal 29 (SIGIO) received
2024/05/19 09:35:08 [notice] 1#1: signal 17 (SIGCHLD) received from 38
2024/05/19 09:35:08 [notice] 1#1: worker process 30 exited with code 0
2024/05/19 09:35:08 [notice] 1#1: worker process 32 exited with code 0
2024/05/19 09:35:08 [notice] 1#1: worker process 33 exited with code 0
2024/05/19 09:35:08 [notice] 1#1: worker process 36 exited with code 0
2024/05/19 09:35:08 [notice] 1#1: worker process 37 exited with code 0
2024/05/19 09:35:08 [notice] 1#1: exit
2024/05/19 09:35:08 [notice] 1#1: using the "epoll" event method
2024/05/19 09:35:08 [notice] 1#1: nginx/1.25.5
2024/05/19 09:35:08 [notice] 1#1: built by gcc 13.2.1 20231014 (Alpine 13.2.1_git20231014) 
2024/05/19 09:35:08 [notice] 1#1: OS: Linux 5.15.146.1-microsoft-standard-WSL2
2024/05/19 09:35:08 [notice] 1#1: getrlimit(RLIMIT_NOFILE): 1048576:1048576
2024/05/19 09:35:08 [notice] 1#1: start worker processes
2024/05/19 09:35:08 [notice] 1#1: start worker process 29
2024/05/19 09:35:08 [notice] 1#1: start worker process 30
2024/05/19 09:35:08 [notice] 1#1: start worker process 31
2024/05/19 09:35:08 [notice] 1#1: start worker process 32
2024/05/19 09:35:08 [notice] 1#1: start worker process 33
2024/05/19 09:35:08 [notice] 1#1: start worker process 34
2024/05/19 09:35:08 [notice] 1#1: start worker process 35
2024/05/19 09:35:08 [notice] 1#1: start worker process 36
2024/05/19 09:35:08 [notice] 1#1: start worker process 37
2024/05/19 09:35:08 [notice] 1#1: start worker process 38
2024/05/19 09:35:08 [notice] 1#1: start worker process 39
2024/05/19 09:35:08 [notice] 1#1: start worker process 40
2024/05/19 09:35:16 [notice] 1#1: signal 3 (SIGQUIT) received, shutting down
2024/05/19 09:35:16 [notice] 29#29: gracefully shutting down
2024/05/19 09:35:16 [notice] 30#30: gracefully shutting down
2024/05/19 09:35:16 [notice] 31#31: gracefully shutting down
2024/05/19 09:35:16 [notice] 32#32: gracefully shutting down
2024/05/19 09:35:16 [notice] 33#33: gracefully shutting down
2024/05/19 09:35:16 [notice] 34#34: gracefully shutting down
2024/05/19 09:35:16 [notice] 37#37: gracefully shutting down
2024/05/19 09:35:16 [notice] 37#37: exiting
2024/05/19 09:35:16 [notice] 36#36: gracefully shutting down
2024/05/19 09:35:16 [notice] 35#35: gracefully shutting down
2024/05/19 09:35:16 [notice] 38#38: gracefully shutting down
2024/05/19 09:35:16 [notice] 40#40: gracefully shutting down
2024/05/19 09:35:16 [notice] 39#39: gracefully shutting down
2024/05/19 09:35:16 [notice] 29#29: exiting
2024/05/19 09:35:16 [notice] 30#30: exiting
2024/05/19 09:35:16 [notice] 31#31: exiting
2024/05/19 09:35:16 [notice] 32#32: exiting
2024/05/19 09:35:16 [notice] 33#33: exiting
2024/05/19 09:35:16 [notice] 34#34: exiting
2024/05/19 09:35:16 [notice] 37#37: exit
2024/05/19 09:35:16 [notice] 36#36: exiting
2024/05/19 09:35:16 [notice] 35#35: exiting
2024/05/19 09:35:16 [notice] 38#38: exiting
2024/05/19 09:35:16 [notice] 40#40: exiting
2024/05/19 09:35:16 [notice] 39#39: exiting
2024/05/19 09:35:16 [notice] 29#29: exit
2024/05/19 09:35:16 [notice] 30#30: exit
2024/05/19 09:35:16 [notice] 31#31: exit
2024/05/19 09:35:16 [notice] 32#32: exit
2024/05/19 09:35:16 [notice] 33#33: exit
2024/05/19 09:35:16 [notice] 34#34: exit
2024/05/19 09:35:16 [notice] 36#36: exit
2024/05/19 09:35:16 [notice] 35#35: exit
2024/05/19 09:35:16 [notice] 38#38: exit
2024/05/19 09:35:16 [notice] 40#40: exit
2024/05/19 09:35:16 [notice] 39#39: exit
2024/05/19 09:35:16 [notice] 1#1: signal 17 (SIGCHLD) received from 29
2024/05/19 09:35:16 [notice] 1#1: worker process 29 exited with code 0
2024/05/19 09:35:16 [notice] 1#1: worker process 30 exited with code 0
2024/05/19 09:35:16 [notice] 1#1: worker process 34 exited with code 0
2024/05/19 09:35:16 [notice] 1#1: worker process 35 exited with code 0
2024/05/19 09:35:16 [notice] 1#1: worker process 38 exited with code 0
2024/05/19 09:35:16 [notice] 1#1: signal 29 (SIGIO) received
2024/05/19 09:35:16 [notice] 1#1: signal 17 (SIGCHLD) received from 35
2024/05/19 09:35:16 [notice] 1#1: signal 17 (SIGCHLD) received from 33
2024/05/19 09:35:16 [notice] 1#1: worker process 32 exited with code 0
2024/05/19 09:35:16 [notice] 1#1: worker process 33 exited with code 0
2024/05/19 09:35:16 [notice] 1#1: worker process 36 exited with code 0
2024/05/19 09:35:16 [notice] 1#1: worker process 39 exited with code 0
2024/05/19 09:35:16 [notice] 1#1: worker process 40 exited with code 0
2024/05/19 09:35:16 [notice] 1#1: signal 29 (SIGIO) received
2024/05/19 09:35:16 [notice] 1#1: signal 17 (SIGCHLD) received from 36
2024/05/19 09:35:16 [notice] 1#1: signal 17 (SIGCHLD) received from 31
2024/05/19 09:35:16 [notice] 1#1: worker process 31 exited with code 0
2024/05/19 09:35:16 [notice] 1#1: worker process 37 exited with code 0
2024/05/19 09:35:16 [notice] 1#1: exit
2024/05/19 09:35:21 [notice] 1#1: using the "epoll" event method
2024/05/19 09:35:21 [notice] 1#1: nginx/1.25.5
2024/05/19 09:35:21 [notice] 1#1: built by gcc 13.2.1 20231014 (Alpine 13.2.1_git20231014) 
2024/05/19 09:35:21 [notice] 1#1: OS: Linux 5.15.146.1-microsoft-standard-WSL2
2024/05/19 09:35:21 [notice] 1#1: getrlimit(RLIMIT_NOFILE): 1048576:1048576
2024/05/19 09:35:21 [notice] 1#1: start worker processes
2024/05/19 09:35:21 [notice] 1#1: start worker process 29
2024/05/19 09:35:21 [notice] 1#1: start worker process 30
2024/05/19 09:35:21 [notice] 1#1: start worker process 31
2024/05/19 09:35:21 [notice] 1#1: start worker process 32
2024/05/19 09:35:21 [notice] 1#1: start worker process 33
2024/05/19 09:35:21 [notice] 1#1: start worker process 34
2024/05/19 09:35:21 [notice] 1#1: start worker process 35
2024/05/19 09:35:21 [notice] 1#1: start worker process 36
2024/05/19 09:35:21 [notice] 1#1: start worker process 37
2024/05/19 09:35:21 [notice] 1#1: start worker process 38
2024/05/19 09:35:21 [notice] 1#1: start worker process 39
2024/05/19 09:35:21 [notice] 1#1: start worker process 40
2024/05/19 09:36:34 [notice] 1#1: signal 3 (SIGQUIT) received, shutting down
2024/05/19 09:36:34 [notice] 29#29: gracefully shutting down
2024/05/19 09:36:34 [notice] 30#30: gracefully shutting down
2024/05/19 09:36:34 [notice] 30#30: exiting
2024/05/19 09:36:34 [notice] 31#31: gracefully shutting down
2024/05/19 09:36:34 [notice] 31#31: exiting
2024/05/19 09:36:34 [notice] 33#33: gracefully shutting down
2024/05/19 09:36:34 [notice] 33#33: exiting
2024/05/19 09:36:34 [notice] 32#32: gracefully shutting down
2024/05/19 09:36:34 [notice] 32#32: exiting
2024/05/19 09:36:34 [notice] 35#35: gracefully shutting down
2024/05/19 09:36:34 [notice] 35#35: exiting
2024/05/19 09:36:34 [notice] 34#34: gracefully shutting down
2024/05/19 09:36:34 [notice] 34#34: exiting
2024/05/19 09:36:34 [notice] 36#36: gracefully shutting down
2024/05/19 09:36:34 [notice] 36#36: exiting
2024/05/19 09:36:34 [notice] 37#37: gracefully shutting down
2024/05/19 09:36:34 [notice] 37#37: exiting
2024/05/19 09:36:34 [notice] 38#38: gracefully shutting down
2024/05/19 09:36:34 [notice] 38#38: exiting
2024/05/19 09:36:34 [notice] 39#39: gracefully shutting down
2024/05/19 09:36:34 [notice] 40#40: gracefully shutting down
2024/05/19 09:36:34 [notice] 29#29: exiting
2024/05/19 09:36:34 [notice] 30#30: exit
2024/05/19 09:36:34 [notice] 31#31: exit
2024/05/19 09:36:34 [notice] 33#33: exit
2024/05/19 09:36:34 [notice] 32#32: exit
2024/05/19 09:36:34 [notice] 35#35: exit
2024/05/19 09:36:34 [notice] 34#34: exit
2024/05/19 09:36:34 [notice] 36#36: exit
2024/05/19 09:36:34 [notice] 37#37: exit
2024/05/19 09:36:34 [notice] 38#38: exit
2024/05/19 09:36:34 [notice] 39#39: exiting
2024/05/19 09:36:34 [notice] 40#40: exiting
2024/05/19 09:36:34 [notice] 29#29: exit
2024/05/19 09:36:34 [notice] 39#39: exit
2024/05/19 09:36:34 [notice] 40#40: exit
2024/05/19 09:36:35 [notice] 1#1: signal 17 (SIGCHLD) received from 35
2024/05/19 09:36:35 [notice] 1#1: worker process 30 exited with code 0
2024/05/19 09:36:35 [notice] 1#1: worker process 31 exited with code 0
2024/05/19 09:36:35 [notice] 1#1: worker process 35 exited with code 0
2024/05/19 09:36:35 [notice] 1#1: worker process 37 exited with code 0
2024/05/19 09:36:35 [notice] 1#1: signal 29 (SIGIO) received
2024/05/19 09:36:35 [notice] 1#1: signal 17 (SIGCHLD) received from 33
2024/05/19 09:36:35 [notice] 1#1: worker process 29 exited with code 0
2024/05/19 09:36:35 [notice] 1#1: worker process 33 exited with code 0
2024/05/19 09:36:35 [notice] 1#1: worker process 36 exited with code 0
2024/05/19 09:36:35 [notice] 1#1: signal 29 (SIGIO) received
2024/05/19 09:36:35 [notice] 1#1: signal 17 (SIGCHLD) received from 29
2024/05/19 09:36:35 [notice] 1#1: signal 17 (SIGCHLD) received from 40
2024/05/19 09:36:35 [notice] 1#1: worker process 32 exited with code 0
2024/05/19 09:36:35 [notice] 1#1: worker process 34 exited with code 0
2024/05/19 09:36:35 [notice] 1#1: worker process 38 exited with code 0
2024/05/19 09:36:35 [notice] 1#1: worker process 39 exited with code 0
2024/05/19 09:36:35 [notice] 1#1: worker process 40 exited with code 0
2024/05/19 09:36:35 [notice] 1#1: exit
2024/05/19 09:36:35 [notice] 1#1: using the "epoll" event method
2024/05/19 09:36:35 [notice] 1#1: nginx/1.25.5
2024/05/19 09:36:35 [notice] 1#1: built by gcc 13.2.1 20231014 (Alpine 13.2.1_git20231014) 
2024/05/19 09:36:35 [notice] 1#1: OS: Linux 5.15.146.1-microsoft-standard-WSL2
2024/05/19 09:36:35 [notice] 1#1: getrlimit(RLIMIT_NOFILE): 1048576:1048576
2024/05/19 09:36:35 [notice] 1#1: start worker processes
2024/05/19 09:36:35 [notice] 1#1: start worker process 29
2024/05/19 09:36:35 [notice] 1#1: start worker process 30
2024/05/19 09:36:35 [notice] 1#1: start worker process 31
2024/05/19 09:36:35 [notice] 1#1: start worker process 32
2024/05/19 09:36:35 [notice] 1#1: start worker process 33
2024/05/19 09:36:35 [notice] 1#1: start worker process 34
2024/05/19 09:36:35 [notice] 1#1: start worker process 35
2024/05/19 09:36:35 [notice] 1#1: start worker process 36
2024/05/19 09:36:35 [notice] 1#1: start worker process 37
2024/05/19 09:36:35 [notice] 1#1: start worker process 38
2024/05/19 09:36:35 [notice] 1#1: start worker process 39
2024/05/19 09:36:35 [notice] 1#1: start worker process 40
2024/05/19 09:36:54 [notice] 1#1: signal 3 (SIGQUIT) received, shutting down
2024/05/19 09:36:54 [notice] 29#29: gracefully shutting down
2024/05/19 09:36:54 [notice] 32#32: gracefully shutting down
2024/05/19 09:36:54 [notice] 34#34: gracefully shutting down
2024/05/19 09:36:54 [notice] 33#33: gracefully shutting down
2024/05/19 09:36:54 [notice] 35#35: gracefully shutting down
2024/05/19 09:36:54 [notice] 36#36: gracefully shutting down
2024/05/19 09:36:54 [notice] 30#30: gracefully shutting down
2024/05/19 09:36:54 [notice] 30#30: exiting
2024/05/19 09:36:54 [notice] 37#37: gracefully shutting down
2024/05/19 09:36:54 [notice] 38#38: gracefully shutting down
2024/05/19 09:36:54 [notice] 40#40: gracefully shutting down
2024/05/19 09:36:54 [notice] 31#31: gracefully shutting down
2024/05/19 09:36:54 [notice] 31#31: exiting
2024/05/19 09:36:54 [notice] 39#39: gracefully shutting down
2024/05/19 09:36:54 [notice] 29#29: exiting
2024/05/19 09:36:54 [notice] 32#32: exiting
2024/05/19 09:36:54 [notice] 34#34: exiting
2024/05/19 09:36:54 [notice] 33#33: exiting
2024/05/19 09:36:54 [notice] 35#35: exiting
2024/05/19 09:36:54 [notice] 36#36: exiting
2024/05/19 09:36:54 [notice] 30#30: exit
2024/05/19 09:36:54 [notice] 37#37: exiting
2024/05/19 09:36:54 [notice] 38#38: exiting
2024/05/19 09:36:54 [notice] 40#40: exiting
2024/05/19 09:36:54 [notice] 31#31: exit
2024/05/19 09:36:54 [notice] 39#39: exiting
2024/05/19 09:36:54 [notice] 29#29: exit
2024/05/19 09:36:54 [notice] 32#32: exit
2024/05/19 09:36:54 [notice] 34#34: exit
2024/05/19 09:36:54 [notice] 33#33: exit
2024/05/19 09:36:54 [notice] 35#35: exit
2024/05/19 09:36:54 [notice] 36#36: exit
2024/05/19 09:36:54 [notice] 37#37: exit
2024/05/19 09:36:54 [notice] 38#38: exit
2024/05/19 09:36:54 [notice] 40#40: exit
2024/05/19 09:36:54 [notice] 39#39: exit
2024/05/19 09:36:54 [notice] 1#1: signal 17 (SIGCHLD) received from 34
2024/05/19 09:36:54 [notice] 1#1: worker process 33 exited with code 0
2024/05/19 09:36:54 [notice] 1#1: worker process 34 exited with code 0
2024/05/19 09:36:54 [notice] 1#1: signal 29 (SIGIO) received
2024/05/19 09:36:54 [notice] 1#1: signal 17 (SIGCHLD) received from 30
2024/05/19 09:36:54 [notice] 1#1: worker process 29 exited with code 0
2024/05/19 09:36:54 [notice] 1#1: worker process 30 exited with code 0
2024/05/19 09:36:54 [notice] 1#1: worker process 36 exited with code 0
2024/05/19 09:36:54 [notice] 1#1: worker process 38 exited with code 0
2024/05/19 09:36:54 [notice] 1#1: signal 29 (SIGIO) received
2024/05/19 09:36:54 [notice] 1#1: signal 17 (SIGCHLD) received from 38
2024/05/19 09:36:54 [notice] 1#1: signal 17 (SIGCHLD) received from 37
2024/05/19 09:36:54 [notice] 1#1: worker process 31 exited with code 0
2024/05/19 09:36:54 [notice] 1#1: worker process 32 exited with code 0
2024/05/19 09:36:54 [notice] 1#1: worker process 35 exited with code 0
2024/05/19 09:36:54 [notice] 1#1: worker process 37 exited with code 0
2024/05/19 09:36:54 [notice] 1#1: worker process 39 exited with code 0
2024/05/19 09:36:54 [notice] 1#1: worker process 40 exited with code 0
2024/05/19 09:36:54 [notice] 1#1: exit
2024/05/19 09:36:55 [notice] 1#1: using the "epoll" event method
2024/05/19 09:36:55 [notice] 1#1: nginx/1.25.5
2024/05/19 09:36:55 [notice] 1#1: built by gcc 13.2.1 20231014 (Alpine 13.2.1_git20231014) 
2024/05/19 09:36:55 [notice] 1#1: OS: Linux 5.15.146.1-microsoft-standard-WSL2
2024/05/19 09:36:55 [notice] 1#1: getrlimit(RLIMIT_NOFILE): 1048576:1048576
2024/05/19 09:36:55 [notice] 1#1: start worker processes
2024/05/19 09:36:55 [notice] 1#1: start worker process 30
2024/05/19 09:36:55 [notice] 1#1: start worker process 31
2024/05/19 09:36:55 [notice] 1#1: start worker process 32
2024/05/19 09:36:55 [notice] 1#1: start worker process 33
2024/05/19 09:36:55 [notice] 1#1: start worker process 34
2024/05/19 09:36:55 [notice] 1#1: start worker process 35
2024/05/19 09:36:55 [notice] 1#1: start worker process 36
2024/05/19 09:36:55 [notice] 1#1: start worker process 37
2024/05/19 09:36:55 [notice] 1#1: start worker process 38
2024/05/19 09:36:55 [notice] 1#1: start worker process 39
2024/05/19 09:36:55 [notice] 1#1: start worker process 40
2024/05/19 09:36:55 [notice] 1#1: start worker process 41
2024/05/19 09:44:19 [notice] 1#1: signal 3 (SIGQUIT) received, shutting down
2024/05/19 09:44:19 [notice] 31#31: gracefully shutting down
2024/05/19 09:44:19 [notice] 30#30: gracefully shutting down
2024/05/19 09:44:19 [notice] 34#34: gracefully shutting down
2024/05/19 09:44:19 [notice] 37#37: gracefully shutting down
2024/05/19 09:44:19 [notice] 34#34: exiting
2024/05/19 09:44:19 [notice] 39#39: gracefully shutting down
2024/05/19 09:44:19 [notice] 41#41: gracefully shutting down
2024/05/19 09:44:19 [notice] 33#33: gracefully shutting down
2024/05/19 09:44:19 [notice] 38#38: gracefully shutting down
2024/05/19 09:44:19 [notice] 40#40: gracefully shutting down
2024/05/19 09:44:19 [notice] 32#32: gracefully shutting down
2024/05/19 09:44:19 [notice] 35#35: gracefully shutting down
2024/05/19 09:44:19 [notice] 31#31: exiting
2024/05/19 09:44:19 [notice] 36#36: gracefully shutting down
2024/05/19 09:44:19 [notice] 30#30: exiting
2024/05/19 09:44:19 [notice] 37#37: exiting
2024/05/19 09:44:19 [notice] 34#34: exit
2024/05/19 09:44:19 [notice] 39#39: exiting
2024/05/19 09:44:19 [notice] 41#41: exiting
2024/05/19 09:44:19 [notice] 33#33: exiting
2024/05/19 09:44:19 [notice] 38#38: exiting
2024/05/19 09:44:19 [notice] 40#40: exiting
2024/05/19 09:44:19 [notice] 32#32: exiting
2024/05/19 09:44:19 [notice] 35#35: exiting
2024/05/19 09:44:19 [notice] 31#31: exit
2024/05/19 09:44:19 [notice] 36#36: exiting
2024/05/19 09:44:19 [notice] 30#30: exit
2024/05/19 09:44:19 [notice] 37#37: exit
2024/05/19 09:44:19 [notice] 39#39: exit
2024/05/19 09:44:19 [notice] 41#41: exit
2024/05/19 09:44:19 [notice] 33#33: exit
2024/05/19 09:44:19 [notice] 38#38: exit
2024/05/19 09:44:19 [notice] 40#40: exit
2024/05/19 09:44:19 [notice] 32#32: exit
2024/05/19 09:44:19 [notice] 35#35: exit
2024/05/19 09:44:19 [notice] 36#36: exit
2024/05/19 09:44:19 [notice] 1#1: signal 17 (SIGCHLD) received from 37
2024/05/19 09:44:19 [notice] 1#1: worker process 36 exited with code 0
2024/05/19 09:44:19 [notice] 1#1: worker process 37 exited with code 0
2024/05/19 09:44:19 [notice] 1#1: worker process 39 exited with code 0
2024/05/19 09:44:19 [notice] 1#1: worker process 40 exited with code 0
2024/05/19 09:44:19 [notice] 1#1: worker process 41 exited with code 0
2024/05/19 09:44:19 [notice] 1#1: signal 29 (SIGIO) received
2024/05/19 09:44:19 [notice] 1#1: signal 17 (SIGCHLD) received from 32
2024/05/19 09:44:19 [notice] 1#1: worker process 30 exited with code 0
2024/05/19 09:44:19 [notice] 1#1: worker process 32 exited with code 0
2024/05/19 09:44:19 [notice] 1#1: worker process 34 exited with code 0
2024/05/19 09:44:19 [notice] 1#1: signal 29 (SIGIO) received
2024/05/19 09:44:19 [notice] 1#1: signal 17 (SIGCHLD) received from 35
2024/05/19 09:44:19 [notice] 1#1: worker process 35 exited with code 0
2024/05/19 09:44:19 [notice] 1#1: worker process 38 exited with code 0
2024/05/19 09:44:19 [notice] 1#1: signal 29 (SIGIO) received
2024/05/19 09:44:19 [notice] 1#1: signal 17 (SIGCHLD) received from 33
2024/05/19 09:44:19 [notice] 1#1: worker process 31 exited with code 0
2024/05/19 09:44:19 [notice] 1#1: worker process 33 exited with code 0
2024/05/19 09:44:19 [notice] 1#1: exit
2024/05/19 09:48:48 [notice] 1#1: using the "epoll" event method
2024/05/19 09:48:48 [notice] 1#1: nginx/1.25.5
2024/05/19 09:48:48 [notice] 1#1: built by gcc 13.2.1 20231014 (Alpine 13.2.1_git20231014) 
2024/05/19 09:48:48 [notice] 1#1: OS: Linux 5.15.146.1-microsoft-standard-WSL2
2024/05/19 09:48:48 [notice] 1#1: getrlimit(RLIMIT_NOFILE): 1048576:1048576
2024/05/19 09:48:48 [notice] 1#1: start worker processes
2024/05/19 09:48:48 [notice] 1#1: start worker process 29
2024/05/19 09:48:48 [notice] 1#1: start worker process 30
2024/05/19 09:48:48 [notice] 1#1: start worker process 31
2024/05/19 09:48:48 [notice] 1#1: start worker process 32
2024/05/19 09:48:48 [notice] 1#1: start worker process 33
2024/05/19 09:48:48 [notice] 1#1: start worker process 34
2024/05/19 09:48:48 [notice] 1#1: start worker process 35
2024/05/19 09:48:48 [notice] 1#1: start worker process 36
2024/05/19 09:48:48 [notice] 1#1: start worker process 37
2024/05/19 09:48:48 [notice] 1#1: start worker process 38
2024/05/19 09:48:48 [notice] 1#1: start worker process 39
2024/05/19 09:48:48 [notice] 1#1: start worker process 40
2024/05/19 09:57:51 [notice] 1#1: signal 3 (SIGQUIT) received, shutting down
2024/05/19 09:57:51 [notice] 29#29: gracefully shutting down
2024/05/19 09:57:51 [notice] 30#30: gracefully shutting down
2024/05/19 09:57:51 [notice] 31#31: gracefully shutting down
2024/05/19 09:57:51 [notice] 32#32: gracefully shutting down
2024/05/19 09:57:51 [notice] 33#33: gracefully shutting down
2024/05/19 09:57:51 [notice] 35#35: gracefully shutting down
2024/05/19 09:57:51 [notice] 34#34: gracefully shutting down
2024/05/19 09:57:51 [notice] 36#36: gracefully shutting down
2024/05/19 09:57:51 [notice] 37#37: gracefully shutting down
2024/05/19 09:57:51 [notice] 38#38: gracefully shutting down
2024/05/19 09:57:51 [notice] 39#39: gracefully shutting down
2024/05/19 09:57:51 [notice] 40#40: gracefully shutting down
2024/05/19 09:57:51 [notice] 29#29: exiting
2024/05/19 09:57:51 [notice] 30#30: exiting
2024/05/19 09:57:51 [notice] 29#29: exit
2024/05/19 09:57:51 [notice] 31#31: exiting
2024/05/19 09:57:51 [notice] 32#32: exiting
2024/05/19 09:57:51 [notice] 33#33: exiting
2024/05/19 09:57:51 [notice] 35#35: exiting
2024/05/19 09:57:51 [notice] 34#34: exiting
2024/05/19 09:57:51 [notice] 36#36: exiting
2024/05/19 09:57:51 [notice] 37#37: exiting
2024/05/19 09:57:51 [notice] 38#38: exiting
2024/05/19 09:57:51 [notice] 39#39: exiting
2024/05/19 09:57:51 [notice] 40#40: exiting
2024/05/19 09:57:51 [notice] 30#30: exit
2024/05/19 09:57:51 [notice] 31#31: exit
2024/05/19 09:57:51 [notice] 32#32: exit
2024/05/19 09:57:51 [notice] 33#33: exit
2024/05/19 09:57:51 [notice] 35#35: exit
2024/05/19 09:57:51 [notice] 34#34: exit
2024/05/19 09:57:51 [notice] 36#36: exit
2024/05/19 09:57:51 [notice] 37#37: exit
2024/05/19 09:57:51 [notice] 38#38: exit
2024/05/19 09:57:51 [notice] 39#39: exit
2024/05/19 09:57:51 [notice] 40#40: exit
2024/05/19 09:57:51 [notice] 1#1: signal 17 (SIGCHLD) received from 30
2024/05/19 09:57:51 [notice] 1#1: worker process 30 exited with code 0
2024/05/19 09:57:51 [notice] 1#1: signal 29 (SIGIO) received
2024/05/19 09:57:51 [notice] 1#1: signal 17 (SIGCHLD) received from 40
2024/05/19 09:57:51 [notice] 1#1: worker process 29 exited with code 0
2024/05/19 09:57:51 [notice] 1#1: worker process 33 exited with code 0
2024/05/19 09:57:51 [notice] 1#1: worker process 40 exited with code 0
2024/05/19 09:57:51 [notice] 1#1: signal 29 (SIGIO) received
2024/05/19 09:57:51 [notice] 1#1: signal 17 (SIGCHLD) received from 35
2024/05/19 09:57:51 [notice] 1#1: worker process 31 exited with code 0
2024/05/19 09:57:51 [notice] 1#1: worker process 32 exited with code 0
2024/05/19 09:57:51 [notice] 1#1: worker process 34 exited with code 0
2024/05/19 09:57:51 [notice] 1#1: worker process 35 exited with code 0
2024/05/19 09:57:51 [notice] 1#1: worker process 36 exited with code 0
2024/05/19 09:57:51 [notice] 1#1: worker process 37 exited with code 0
2024/05/19 09:57:51 [notice] 1#1: worker process 38 exited with code 0
2024/05/19 09:57:51 [notice] 1#1: signal 29 (SIGIO) received
2024/05/19 09:57:51 [notice] 1#1: signal 17 (SIGCHLD) received from 34
2024/05/19 09:57:51 [notice] 1#1: signal 17 (SIGCHLD) received from 39
2024/05/19 09:57:51 [notice] 1#1: worker process 39 exited with code 0
2024/05/19 09:57:51 [notice] 1#1: exit
2024/05/19 09:58:08 [notice] 1#1: using the "epoll" event method
2024/05/19 09:58:08 [notice] 1#1: nginx/1.25.5
2024/05/19 09:58:08 [notice] 1#1: built by gcc 13.2.1 20231014 (Alpine 13.2.1_git20231014) 
2024/05/19 09:58:08 [notice] 1#1: OS: Linux 5.15.146.1-microsoft-standard-WSL2
2024/05/19 09:58:08 [notice] 1#1: getrlimit(RLIMIT_NOFILE): 1048576:1048576
2024/05/19 09:58:08 [notice] 1#1: start worker processes
2024/05/19 09:58:08 [notice] 1#1: start worker process 29
2024/05/19 09:58:08 [notice] 1#1: start worker process 30
2024/05/19 09:58:08 [notice] 1#1: start worker process 31
2024/05/19 09:58:08 [notice] 1#1: start worker process 32
2024/05/19 09:58:08 [notice] 1#1: start worker process 33
2024/05/19 09:58:08 [notice] 1#1: start worker process 34
2024/05/19 09:58:08 [notice] 1#1: start worker process 35
2024/05/19 09:58:08 [notice] 1#1: start worker process 36
2024/05/19 09:58:08 [notice] 1#1: start worker process 37
2024/05/19 09:58:08 [notice] 1#1: start worker process 38
2024/05/19 09:58:08 [notice] 1#1: start worker process 39
2024/05/19 09:58:08 [notice] 1#1: start worker process 40
2024/05/19 10:13:53 [notice] 1#1: signal 3 (SIGQUIT) received, shutting down
2024/05/19 10:13:53 [notice] 30#30: gracefully shutting down
2024/05/19 10:13:53 [notice] 29#29: gracefully shutting down
2024/05/19 10:13:53 [notice] 29#29: exiting
2024/05/19 10:13:53 [notice] 31#31: gracefully shutting down
2024/05/19 10:13:53 [notice] 33#33: gracefully shutting down
2024/05/19 10:13:53 [notice] 32#32: gracefully shutting down
2024/05/19 10:13:53 [notice] 34#34: gracefully shutting down
2024/05/19 10:13:53 [notice] 35#35: gracefully shutting down
2024/05/19 10:13:53 [notice] 30#30: exiting
2024/05/19 10:13:53 [notice] 36#36: gracefully shutting down
2024/05/19 10:13:53 [notice] 38#38: gracefully shutting down
2024/05/19 10:13:53 [notice] 37#37: gracefully shutting down
2024/05/19 10:13:53 [notice] 39#39: gracefully shutting down
2024/05/19 10:13:53 [notice] 37#37: exiting
2024/05/19 10:13:53 [notice] 40#40: gracefully shutting down
2024/05/19 10:13:53 [notice] 29#29: exit
2024/05/19 10:13:53 [notice] 31#31: exiting
2024/05/19 10:13:53 [notice] 33#33: exiting
2024/05/19 10:13:53 [notice] 32#32: exiting
2024/05/19 10:13:53 [notice] 34#34: exiting
2024/05/19 10:13:53 [notice] 35#35: exiting
2024/05/19 10:13:53 [notice] 30#30: exit
2024/05/19 10:13:53 [notice] 36#36: exiting
2024/05/19 10:13:53 [notice] 38#38: exiting
2024/05/19 10:13:53 [notice] 39#39: exiting
2024/05/19 10:13:53 [notice] 37#37: exit
2024/05/19 10:13:53 [notice] 40#40: exiting
2024/05/19 10:13:53 [notice] 31#31: exit
2024/05/19 10:13:53 [notice] 33#33: exit
2024/05/19 10:13:53 [notice] 32#32: exit
2024/05/19 10:13:53 [notice] 34#34: exit
2024/05/19 10:13:53 [notice] 35#35: exit
2024/05/19 10:13:53 [notice] 36#36: exit
2024/05/19 10:13:53 [notice] 38#38: exit
2024/05/19 10:13:53 [notice] 39#39: exit
2024/05/19 10:13:53 [notice] 40#40: exit
2024/05/19 10:13:53 [notice] 1#1: signal 17 (SIGCHLD) received from 37
2024/05/19 10:13:53 [notice] 1#1: worker process 37 exited with code 0
2024/05/19 10:13:53 [notice] 1#1: signal 29 (SIGIO) received
2024/05/19 10:13:53 [notice] 1#1: signal 17 (SIGCHLD) received from 33
2024/05/19 10:13:53 [notice] 1#1: worker process 33 exited with code 0
2024/05/19 10:13:53 [notice] 1#1: worker process 35 exited with code 0
2024/05/19 10:13:53 [notice] 1#1: worker process 39 exited with code 0
2024/05/19 10:13:53 [notice] 1#1: signal 29 (SIGIO) received
2024/05/19 10:13:53 [notice] 1#1: signal 17 (SIGCHLD) received from 31
2024/05/19 10:13:53 [notice] 1#1: worker process 29 exited with code 0
2024/05/19 10:13:53 [notice] 1#1: worker process 31 exited with code 0
2024/05/19 10:13:53 [notice] 1#1: worker process 36 exited with code 0
2024/05/19 10:13:53 [notice] 1#1: worker process 38 exited with code 0
2024/05/19 10:13:53 [notice] 1#1: signal 29 (SIGIO) received
2024/05/19 10:13:53 [notice] 1#1: signal 17 (SIGCHLD) received from 32
2024/05/19 10:13:53 [notice] 1#1: worker process 30 exited with code 0
2024/05/19 10:13:53 [notice] 1#1: worker process 32 exited with code 0
2024/05/19 10:13:53 [notice] 1#1: worker process 34 exited with code 0
2024/05/19 10:13:53 [notice] 1#1: worker process 40 exited with code 0
2024/05/19 10:13:53 [notice] 1#1: exit
2024/05/19 10:13:58 [notice] 1#1: using the "epoll" event method
2024/05/19 10:13:58 [notice] 1#1: nginx/1.25.5
2024/05/19 10:13:58 [notice] 1#1: built by gcc 13.2.1 20231014 (Alpine 13.2.1_git20231014) 
2024/05/19 10:13:58 [notice] 1#1: OS: Linux 5.15.146.1-microsoft-standard-WSL2
2024/05/19 10:13:58 [notice] 1#1: getrlimit(RLIMIT_NOFILE): 1048576:1048576
2024/05/19 10:13:58 [notice] 1#1: start worker processes
2024/05/19 10:13:58 [notice] 1#1: start worker process 29
2024/05/19 10:13:58 [notice] 1#1: start worker process 30
2024/05/19 10:13:58 [notice] 1#1: start worker process 31
2024/05/19 10:13:58 [notice] 1#1: start worker process 32
2024/05/19 10:13:58 [notice] 1#1: start worker process 33
2024/05/19 10:13:58 [notice] 1#1: start worker process 34
2024/05/19 10:13:58 [notice] 1#1: start worker process 35
2024/05/19 10:13:58 [notice] 1#1: start worker process 36
2024/05/19 10:13:58 [notice] 1#1: start worker process 37
2024/05/19 10:13:58 [notice] 1#1: start worker process 38
2024/05/19 10:13:58 [notice] 1#1: start worker process 39
2024/05/19 10:13:58 [notice] 1#1: start worker process 40
2024/05/19 10:15:47 [notice] 1#1: signal 3 (SIGQUIT) received, shutting down
2024/05/19 10:15:47 [notice] 29#29: gracefully shutting down
2024/05/19 10:15:47 [notice] 30#30: gracefully shutting down
2024/05/19 10:15:47 [notice] 33#33: gracefully shutting down
2024/05/19 10:15:47 [notice] 38#38: gracefully shutting down
2024/05/19 10:15:47 [notice] 38#38: exiting
2024/05/19 10:15:47 [notice] 32#32: gracefully shutting down
2024/05/19 10:15:47 [notice] 39#39: gracefully shutting down
2024/05/19 10:15:47 [notice] 36#36: gracefully shutting down
2024/05/19 10:15:47 [notice] 36#36: exiting
2024/05/19 10:15:47 [notice] 34#34: gracefully shutting down
2024/05/19 10:15:47 [notice] 35#35: gracefully shutting down
2024/05/19 10:15:47 [notice] 40#40: gracefully shutting down
2024/05/19 10:15:47 [notice] 37#37: gracefully shutting down
2024/05/19 10:15:47 [notice] 31#31: gracefully shutting down
2024/05/19 10:15:47 [notice] 29#29: exiting
2024/05/19 10:15:47 [notice] 30#30: exiting
2024/05/19 10:15:47 [notice] 33#33: exiting
2024/05/19 10:15:47 [notice] 38#38: exit
2024/05/19 10:15:47 [notice] 32#32: exiting
2024/05/19 10:15:47 [notice] 39#39: exiting
2024/05/19 10:15:47 [notice] 36#36: exit
2024/05/19 10:15:47 [notice] 34#34: exiting
2024/05/19 10:15:47 [notice] 35#35: exiting
2024/05/19 10:15:47 [notice] 40#40: exiting
2024/05/19 10:15:47 [notice] 37#37: exiting
2024/05/19 10:15:47 [notice] 31#31: exiting
2024/05/19 10:15:47 [notice] 29#29: exit
2024/05/19 10:15:47 [notice] 30#30: exit
2024/05/19 10:15:47 [notice] 33#33: exit
2024/05/19 10:15:47 [notice] 32#32: exit
2024/05/19 10:15:47 [notice] 39#39: exit
2024/05/19 10:15:47 [notice] 34#34: exit
2024/05/19 10:15:47 [notice] 35#35: exit
2024/05/19 10:15:47 [notice] 40#40: exit
2024/05/19 10:15:47 [notice] 37#37: exit
2024/05/19 10:15:47 [notice] 31#31: exit
2024/05/19 10:15:47 [notice] 1#1: signal 17 (SIGCHLD) received from 40
2024/05/19 10:15:47 [notice] 1#1: worker process 40 exited with code 0
2024/05/19 10:15:47 [notice] 1#1: signal 29 (SIGIO) received
2024/05/19 10:15:47 [notice] 1#1: signal 17 (SIGCHLD) received from 29
2024/05/19 10:15:47 [notice] 1#1: worker process 29 exited with code 0
2024/05/19 10:15:47 [notice] 1#1: worker process 30 exited with code 0
2024/05/19 10:15:47 [notice] 1#1: worker process 31 exited with code 0
2024/05/19 10:15:47 [notice] 1#1: worker process 32 exited with code 0
2024/05/19 10:15:47 [notice] 1#1: worker process 33 exited with code 0
2024/05/19 10:15:47 [notice] 1#1: worker process 34 exited with code 0
2024/05/19 10:15:47 [notice] 1#1: worker process 35 exited with code 0
2024/05/19 10:15:47 [notice] 1#1: worker process 36 exited with code 0
2024/05/19 10:15:47 [notice] 1#1: worker process 37 exited with code 0
2024/05/19 10:15:47 [notice] 1#1: worker process 39 exited with code 0
2024/05/19 10:15:47 [notice] 1#1: signal 29 (SIGIO) received
2024/05/19 10:15:47 [notice] 1#1: signal 17 (SIGCHLD) received from 32
2024/05/19 10:15:47 [notice] 1#1: signal 17 (SIGCHLD) received from 38
2024/05/19 10:15:47 [notice] 1#1: worker process 38 exited with code 0
2024/05/19 10:15:47 [notice] 1#1: exit
2024/05/19 10:15:52 [notice] 1#1: using the "epoll" event method
2024/05/19 10:15:52 [notice] 1#1: nginx/1.25.5
2024/05/19 10:15:52 [notice] 1#1: built by gcc 13.2.1 20231014 (Alpine 13.2.1_git20231014) 
2024/05/19 10:15:52 [notice] 1#1: OS: Linux 5.15.146.1-microsoft-standard-WSL2
2024/05/19 10:15:52 [notice] 1#1: getrlimit(RLIMIT_NOFILE): 1048576:1048576
2024/05/19 10:15:52 [notice] 1#1: start worker processes
2024/05/19 10:15:52 [notice] 1#1: start worker process 29
2024/05/19 10:15:52 [notice] 1#1: start worker process 30
2024/05/19 10:15:52 [notice] 1#1: start worker process 31
2024/05/19 10:15:52 [notice] 1#1: start worker process 32
2024/05/19 10:15:52 [notice] 1#1: start worker process 33
2024/05/19 10:15:52 [notice] 1#1: start worker process 34
2024/05/19 10:15:52 [notice] 1#1: start worker process 35
2024/05/19 10:15:52 [notice] 1#1: start worker process 36
2024/05/19 10:15:52 [notice] 1#1: start worker process 37
2024/05/19 10:15:52 [notice] 1#1: start worker process 38
2024/05/19 10:15:52 [notice] 1#1: start worker process 39
2024/05/19 10:15:52 [notice] 1#1: start worker process 40
2024/05/19 10:17:27 [notice] 1#1: signal 3 (SIGQUIT) received, shutting down
2024/05/19 10:17:27 [notice] 29#29: gracefully shutting down
2024/05/19 10:17:27 [notice] 30#30: gracefully shutting down
2024/05/19 10:17:27 [notice] 32#32: gracefully shutting down
2024/05/19 10:17:27 [notice] 34#34: gracefully shutting down
2024/05/19 10:17:27 [notice] 38#38: gracefully shutting down
2024/05/19 10:17:27 [notice] 38#38: exiting
2024/05/19 10:17:27 [notice] 35#35: gracefully shutting down
2024/05/19 10:17:27 [notice] 31#31: gracefully shutting down
2024/05/19 10:17:27 [notice] 40#40: gracefully shutting down
2024/05/19 10:17:27 [notice] 36#36: gracefully shutting down
2024/05/19 10:17:27 [notice] 39#39: gracefully shutting down
2024/05/19 10:17:27 [notice] 36#36: exiting
2024/05/19 10:17:27 [notice] 37#37: gracefully shutting down
2024/05/19 10:17:27 [notice] 29#29: exiting
2024/05/19 10:17:27 [notice] 33#33: gracefully shutting down
2024/05/19 10:17:27 [notice] 30#30: exiting
2024/05/19 10:17:27 [notice] 32#32: exiting
2024/05/19 10:17:27 [notice] 34#34: exiting
2024/05/19 10:17:27 [notice] 38#38: exit
2024/05/19 10:17:27 [notice] 35#35: exiting
2024/05/19 10:17:27 [notice] 31#31: exiting
2024/05/19 10:17:27 [notice] 40#40: exiting
2024/05/19 10:17:27 [notice] 39#39: exiting
2024/05/19 10:17:27 [notice] 36#36: exit
2024/05/19 10:17:27 [notice] 37#37: exiting
2024/05/19 10:17:27 [notice] 29#29: exit
2024/05/19 10:17:27 [notice] 33#33: exiting
2024/05/19 10:17:27 [notice] 30#30: exit
2024/05/19 10:17:27 [notice] 32#32: exit
2024/05/19 10:17:27 [notice] 34#34: exit
2024/05/19 10:17:27 [notice] 35#35: exit
2024/05/19 10:17:27 [notice] 31#31: exit
2024/05/19 10:17:27 [notice] 40#40: exit
2024/05/19 10:17:27 [notice] 39#39: exit
2024/05/19 10:17:27 [notice] 37#37: exit
2024/05/19 10:17:27 [notice] 33#33: exit
2024/05/19 10:17:28 [notice] 1#1: signal 17 (SIGCHLD) received from 38
2024/05/19 10:17:28 [notice] 1#1: worker process 32 exited with code 0
2024/05/19 10:17:28 [notice] 1#1: worker process 35 exited with code 0
2024/05/19 10:17:28 [notice] 1#1: worker process 36 exited with code 0
2024/05/19 10:17:28 [notice] 1#1: worker process 38 exited with code 0
2024/05/19 10:17:28 [notice] 1#1: worker process 39 exited with code 0
2024/05/19 10:17:28 [notice] 1#1: worker process 40 exited with code 0
2024/05/19 10:17:28 [notice] 1#1: signal 29 (SIGIO) received
2024/05/19 10:17:28 [notice] 1#1: signal 17 (SIGCHLD) received from 40
2024/05/19 10:17:28 [notice] 1#1: signal 17 (SIGCHLD) received from 30
2024/05/19 10:17:28 [notice] 1#1: worker process 29 exited with code 0
2024/05/19 10:17:28 [notice] 1#1: worker process 30 exited with code 0
2024/05/19 10:17:28 [notice] 1#1: worker process 33 exited with code 0
2024/05/19 10:17:28 [notice] 1#1: worker process 34 exited with code 0
2024/05/19 10:17:28 [notice] 1#1: worker process 37 exited with code 0
2024/05/19 10:17:28 [notice] 1#1: signal 29 (SIGIO) received
2024/05/19 10:17:28 [notice] 1#1: signal 17 (SIGCHLD) received from 29
2024/05/19 10:17:28 [notice] 1#1: signal 17 (SIGCHLD) received from 31
2024/05/19 10:17:28 [notice] 1#1: worker process 31 exited with code 0
2024/05/19 10:17:28 [notice] 1#1: exit
2024/05/19 10:17:32 [notice] 1#1: using the "epoll" event method
2024/05/19 10:17:32 [notice] 1#1: nginx/1.25.5
2024/05/19 10:17:32 [notice] 1#1: built by gcc 13.2.1 20231014 (Alpine 13.2.1_git20231014) 
2024/05/19 10:17:32 [notice] 1#1: OS: Linux 5.15.146.1-microsoft-standard-WSL2
2024/05/19 10:17:32 [notice] 1#1: getrlimit(RLIMIT_NOFILE): 1048576:1048576
2024/05/19 10:17:32 [notice] 1#1: start worker processes
2024/05/19 10:17:32 [notice] 1#1: start worker process 29
2024/05/19 10:17:32 [notice] 1#1: start worker process 30
2024/05/19 10:17:32 [notice] 1#1: start worker process 31
2024/05/19 10:17:32 [notice] 1#1: start worker process 32
2024/05/19 10:17:32 [notice] 1#1: start worker process 33
2024/05/19 10:17:32 [notice] 1#1: start worker process 34
2024/05/19 10:17:32 [notice] 1#1: start worker process 35
2024/05/19 10:17:32 [notice] 1#1: start worker process 36
2024/05/19 10:17:32 [notice] 1#1: start worker process 37
2024/05/19 10:17:32 [notice] 1#1: start worker process 38
2024/05/19 10:17:32 [notice] 1#1: start worker process 39
2024/05/19 10:17:32 [notice] 1#1: start worker process 40
2024/05/19 10:20:42 [notice] 1#1: signal 3 (SIGQUIT) received, shutting down
2024/05/19 10:20:42 [notice] 29#29: gracefully shutting down
2024/05/19 10:20:42 [notice] 30#30: gracefully shutting down
2024/05/19 10:20:42 [notice] 32#32: gracefully shutting down
2024/05/19 10:20:42 [notice] 34#34: gracefully shutting down
2024/05/19 10:20:42 [notice] 35#35: gracefully shutting down
2024/05/19 10:20:42 [notice] 37#37: gracefully shutting down
2024/05/19 10:20:42 [notice] 36#36: gracefully shutting down
2024/05/19 10:20:42 [notice] 39#39: gracefully shutting down
2024/05/19 10:20:42 [notice] 38#38: gracefully shutting down
2024/05/19 10:20:42 [notice] 40#40: gracefully shutting down
2024/05/19 10:20:42 [notice] 33#33: gracefully shutting down
2024/05/19 10:20:42 [notice] 31#31: gracefully shutting down
2024/05/19 10:20:42 [notice] 29#29: exiting
2024/05/19 10:20:42 [notice] 30#30: exiting
2024/05/19 10:20:42 [notice] 32#32: exiting
2024/05/19 10:20:42 [notice] 34#34: exiting
2024/05/19 10:20:42 [notice] 35#35: exiting
2024/05/19 10:20:42 [notice] 37#37: exiting
2024/05/19 10:20:42 [notice] 36#36: exiting
2024/05/19 10:20:42 [notice] 39#39: exiting
2024/05/19 10:20:42 [notice] 38#38: exiting
2024/05/19 10:20:42 [notice] 40#40: exiting
2024/05/19 10:20:42 [notice] 33#33: exiting
2024/05/19 10:20:42 [notice] 31#31: exiting
2024/05/19 10:20:42 [notice] 29#29: exit
2024/05/19 10:20:42 [notice] 30#30: exit
2024/05/19 10:20:42 [notice] 32#32: exit
2024/05/19 10:20:42 [notice] 34#34: exit
2024/05/19 10:20:42 [notice] 35#35: exit
2024/05/19 10:20:42 [notice] 37#37: exit
2024/05/19 10:20:42 [notice] 36#36: exit
2024/05/19 10:20:42 [notice] 39#39: exit
2024/05/19 10:20:42 [notice] 38#38: exit
2024/05/19 10:20:42 [notice] 40#40: exit
2024/05/19 10:20:42 [notice] 33#33: exit
2024/05/19 10:20:42 [notice] 31#31: exit
2024/05/19 10:20:42 [notice] 1#1: signal 17 (SIGCHLD) received from 38
2024/05/19 10:20:42 [notice] 1#1: worker process 38 exited with code 0
2024/05/19 10:20:42 [notice] 1#1: signal 29 (SIGIO) received
2024/05/19 10:20:42 [notice] 1#1: signal 17 (SIGCHLD) received from 33
2024/05/19 10:20:42 [notice] 1#1: worker process 29 exited with code 0
2024/05/19 10:20:42 [notice] 1#1: worker process 30 exited with code 0
2024/05/19 10:20:42 [notice] 1#1: worker process 31 exited with code 0
2024/05/19 10:20:42 [notice] 1#1: worker process 33 exited with code 0
2024/05/19 10:20:42 [notice] 1#1: worker process 34 exited with code 0
2024/05/19 10:20:42 [notice] 1#1: worker process 35 exited with code 0
2024/05/19 10:20:42 [notice] 1#1: worker process 36 exited with code 0
2024/05/19 10:20:42 [notice] 1#1: worker process 37 exited with code 0
2024/05/19 10:20:42 [notice] 1#1: worker process 39 exited with code 0
2024/05/19 10:20:42 [notice] 1#1: signal 29 (SIGIO) received
2024/05/19 10:20:42 [notice] 1#1: signal 17 (SIGCHLD) received from 31
2024/05/19 10:20:42 [notice] 1#1: signal 17 (SIGCHLD) received from 32
2024/05/19 10:20:42 [notice] 1#1: worker process 32 exited with code 0
2024/05/19 10:20:42 [notice] 1#1: worker process 40 exited with code 0
2024/05/19 10:20:42 [notice] 1#1: exit
2024/05/19 10:20:46 [notice] 1#1: using the "epoll" event method
2024/05/19 10:20:46 [notice] 1#1: nginx/1.25.5
2024/05/19 10:20:46 [notice] 1#1: built by gcc 13.2.1 20231014 (Alpine 13.2.1_git20231014) 
2024/05/19 10:20:46 [notice] 1#1: OS: Linux 5.15.146.1-microsoft-standard-WSL2
2024/05/19 10:20:46 [notice] 1#1: getrlimit(RLIMIT_NOFILE): 1048576:1048576
2024/05/19 10:20:46 [notice] 1#1: start worker processes
2024/05/19 10:20:46 [notice] 1#1: start worker process 29
2024/05/19 10:20:46 [notice] 1#1: start worker process 30
2024/05/19 10:20:46 [notice] 1#1: start worker process 31
2024/05/19 10:20:46 [notice] 1#1: start worker process 32
2024/05/19 10:20:46 [notice] 1#1: start worker process 33
2024/05/19 10:20:46 [notice] 1#1: start worker process 34
2024/05/19 10:20:46 [notice] 1#1: start worker process 35
2024/05/19 10:20:46 [notice] 1#1: start worker process 36
2024/05/19 10:20:46 [notice] 1#1: start worker process 37
2024/05/19 10:20:46 [notice] 1#1: start worker process 38
2024/05/19 10:20:46 [notice] 1#1: start worker process 39
2024/05/19 10:20:46 [notice] 1#1: start worker process 40
2024/05/19 10:20:54 [notice] 1#1: signal 3 (SIGQUIT) received, shutting down
2024/05/19 10:20:54 [notice] 30#30: gracefully shutting down
2024/05/19 10:20:54 [notice] 30#30: exiting
2024/05/19 10:20:54 [notice] 31#31: gracefully shutting down
2024/05/19 10:20:54 [notice] 31#31: exiting
2024/05/19 10:20:54 [notice] 29#29: gracefully shutting down
2024/05/19 10:20:54 [notice] 32#32: gracefully shutting down
2024/05/19 10:20:54 [notice] 33#33: gracefully shutting down
2024/05/19 10:20:54 [notice] 34#34: gracefully shutting down
2024/05/19 10:20:54 [notice] 35#35: gracefully shutting down
2024/05/19 10:20:54 [notice] 36#36: gracefully shutting down
2024/05/19 10:20:54 [notice] 37#37: gracefully shutting down
2024/05/19 10:20:54 [notice] 39#39: gracefully shutting down
2024/05/19 10:20:54 [notice] 39#39: exiting
2024/05/19 10:20:54 [notice] 40#40: gracefully shutting down
2024/05/19 10:20:54 [notice] 38#38: gracefully shutting down
2024/05/19 10:20:54 [notice] 30#30: exit
2024/05/19 10:20:54 [notice] 31#31: exit
2024/05/19 10:20:54 [notice] 29#29: exiting
2024/05/19 10:20:54 [notice] 32#32: exiting
2024/05/19 10:20:54 [notice] 33#33: exiting
2024/05/19 10:20:54 [notice] 34#34: exiting
2024/05/19 10:20:54 [notice] 35#35: exiting
2024/05/19 10:20:54 [notice] 36#36: exiting
2024/05/19 10:20:54 [notice] 37#37: exiting
2024/05/19 10:20:54 [notice] 39#39: exit
2024/05/19 10:20:54 [notice] 40#40: exiting
2024/05/19 10:20:54 [notice] 38#38: exiting
2024/05/19 10:20:54 [notice] 29#29: exit
2024/05/19 10:20:54 [notice] 32#32: exit
2024/05/19 10:20:54 [notice] 33#33: exit
2024/05/19 10:20:54 [notice] 34#34: exit
2024/05/19 10:20:54 [notice] 35#35: exit
2024/05/19 10:20:54 [notice] 36#36: exit
2024/05/19 10:20:54 [notice] 37#37: exit
2024/05/19 10:20:54 [notice] 40#40: exit
2024/05/19 10:20:54 [notice] 38#38: exit
2024/05/19 10:20:54 [notice] 1#1: signal 17 (SIGCHLD) received from 32
2024/05/19 10:20:54 [notice] 1#1: worker process 30 exited with code 0
2024/05/19 10:20:54 [notice] 1#1: worker process 32 exited with code 0
2024/05/19 10:20:54 [notice] 1#1: worker process 39 exited with code 0
2024/05/19 10:20:54 [notice] 1#1: signal 29 (SIGIO) received
2024/05/19 10:20:55 [notice] 1#1: signal 17 (SIGCHLD) received from 34
2024/05/19 10:20:55 [notice] 1#1: worker process 34 exited with code 0
2024/05/19 10:20:55 [notice] 1#1: worker process 35 exited with code 0
2024/05/19 10:20:55 [notice] 1#1: worker process 38 exited with code 0
2024/05/19 10:20:55 [notice] 1#1: signal 29 (SIGIO) received
2024/05/19 10:20:55 [notice] 1#1: signal 17 (SIGCHLD) received from 31
2024/05/19 10:20:55 [notice] 1#1: worker process 31 exited with code 0
2024/05/19 10:20:55 [notice] 1#1: worker process 33 exited with code 0
2024/05/19 10:20:55 [notice] 1#1: worker process 37 exited with code 0
2024/05/19 10:20:55 [notice] 1#1: signal 29 (SIGIO) received
2024/05/19 10:20:55 [notice] 1#1: signal 17 (SIGCHLD) received from 36
2024/05/19 10:20:55 [notice] 1#1: worker process 36 exited with code 0
2024/05/19 10:20:55 [notice] 1#1: signal 29 (SIGIO) received
2024/05/19 10:20:55 [notice] 1#1: signal 17 (SIGCHLD) received from 40
2024/05/19 10:20:55 [notice] 1#1: worker process 29 exited with code 0
2024/05/19 10:20:55 [notice] 1#1: worker process 40 exited with code 0
2024/05/19 10:20:55 [notice] 1#1: exit
2024/05/19 10:22:01 [notice] 1#1: using the "epoll" event method
2024/05/19 10:22:01 [notice] 1#1: nginx/1.25.5
2024/05/19 10:22:01 [notice] 1#1: built by gcc 13.2.1 20231014 (Alpine 13.2.1_git20231014) 
2024/05/19 10:22:01 [notice] 1#1: OS: Linux 5.15.146.1-microsoft-standard-WSL2
2024/05/19 10:22:01 [notice] 1#1: getrlimit(RLIMIT_NOFILE): 1048576:1048576
2024/05/19 10:22:01 [notice] 1#1: start worker processes
2024/05/19 10:22:01 [notice] 1#1: start worker process 29
2024/05/19 10:22:01 [notice] 1#1: start worker process 30
2024/05/19 10:22:01 [notice] 1#1: start worker process 31
2024/05/19 10:22:01 [notice] 1#1: start worker process 32
2024/05/19 10:22:01 [notice] 1#1: start worker process 33
2024/05/19 10:22:01 [notice] 1#1: start worker process 34
2024/05/19 10:22:01 [notice] 1#1: start worker process 35
2024/05/19 10:22:01 [notice] 1#1: start worker process 36
2024/05/19 10:22:01 [notice] 1#1: start worker process 37
2024/05/19 10:22:01 [notice] 1#1: start worker process 38
2024/05/19 10:22:01 [notice] 1#1: start worker process 39
2024/05/19 10:22:01 [notice] 1#1: start worker process 40
